{"F:\\Universidad\\8 semestre\\Proyecto de desarrollo\\clase-adonis\\proyecto\\app\\Models\\User.ts":{"path":"F:\\Universidad\\8 semestre\\Proyecto de desarrollo\\clase-adonis\\proyecto\\app\\Models\\User.ts","statementMap":{"0":{"start":{"line":2,"column":17},"end":{"line":7,"column":1}},"1":{"start":{"line":3,"column":12},"end":{"line":3,"column":28}},"2":{"start":{"line":3,"column":34},"end":{"line":3,"column":125}},"3":{"start":{"line":4,"column":4},"end":{"line":5,"column":150}},"4":{"start":{"line":4,"column":79},"end":{"line":4,"column":131}},"5":{"start":{"line":5,"column":9},"end":{"line":5,"column":150}},"6":{"start":{"line":5,"column":22},"end":{"line":5,"column":43}},"7":{"start":{"line":5,"column":58},"end":{"line":5,"column":150}},"8":{"start":{"line":5,"column":81},"end":{"line":5,"column":150}},"9":{"start":{"line":6,"column":4},"end":{"line":6,"column":66}},"10":{"start":{"line":8,"column":17},"end":{"line":10,"column":1}},"11":{"start":{"line":9,"column":4},"end":{"line":9,"column":109}},"12":{"start":{"line":9,"column":79},"end":{"line":9,"column":109}},"13":{"start":{"line":11,"column":22},"end":{"line":13,"column":1}},"14":{"start":{"line":12,"column":4},"end":{"line":12,"column":62}},"15":{"start":{"line":15,"column":0},"end":{"line":15,"column":62}},"16":{"start":{"line":16,"column":16},"end":{"line":16,"column":32}},"17":{"start":{"line":17,"column":14},"end":{"line":17,"column":63}},"18":{"start":{"line":18,"column":18},"end":{"line":18,"column":55}},"19":{"start":{"line":19,"column":15},"end":{"line":19,"column":49}},"20":{"start":{"line":20,"column":17},"end":{"line":20,"column":53}},"21":{"start":{"line":21,"column":23},"end":{"line":21,"column":65}},"22":{"start":{"line":22,"column":24},"end":{"line":22,"column":67}},"23":{"start":{"line":23,"column":22},"end":{"line":23,"column":63}},"24":{"start":{"line":24,"column":19},"end":{"line":24,"column":57}},"25":{"start":{"line":25,"column":15},"end":{"line":25,"column":81}},"26":{"start":{"line":28,"column":8},"end":{"line":30,"column":9}},"27":{"start":{"line":29,"column":12},"end":{"line":29,"column":81}},"28":{"start":{"line":33,"column":0},"end":{"line":36,"column":33}},"29":{"start":{"line":37,"column":0},"end":{"line":40,"column":35}},"30":{"start":{"line":41,"column":0},"end":{"line":44,"column":38}},"31":{"start":{"line":45,"column":0},"end":{"line":48,"column":36}},"32":{"start":{"line":49,"column":0},"end":{"line":52,"column":39}},"33":{"start":{"line":53,"column":0},"end":{"line":56,"column":40}},"34":{"start":{"line":57,"column":0},"end":{"line":60,"column":40}},"35":{"start":{"line":61,"column":0},"end":{"line":66,"column":38}},"36":{"start":{"line":62,"column":28},"end":{"line":62,"column":45}},"37":{"start":{"line":67,"column":0},"end":{"line":72,"column":35}},"38":{"start":{"line":68,"column":31},"end":{"line":68,"column":45}},"39":{"start":{"line":73,"column":0},"end":{"line":78,"column":38}},"40":{"start":{"line":74,"column":29},"end":{"line":74,"column":45}},"41":{"start":{"line":79,"column":0},"end":{"line":84,"column":43}},"42":{"start":{"line":80,"column":29},"end":{"line":80,"column":52}},"43":{"start":{"line":85,"column":0},"end":{"line":90,"column":48}},"44":{"start":{"line":86,"column":29},"end":{"line":86,"column":50}},"45":{"start":{"line":91,"column":0},"end":{"line":96,"column":45}},"46":{"start":{"line":92,"column":29},"end":{"line":92,"column":51}},"47":{"start":{"line":97,"column":0},"end":{"line":102,"column":39}},"48":{"start":{"line":98,"column":29},"end":{"line":98,"column":47}},"49":{"start":{"line":103,"column":0},"end":{"line":108,"column":31}},"50":{"start":{"line":109,"column":0},"end":{"line":109,"column":23}}},"fnMap":{"0":{"name":"(anonymous_0)","decl":{"start":{"line":2,"column":46},"end":{"line":2,"column":47}},"loc":{"start":{"line":2,"column":87},"end":{"line":7,"column":1}},"line":2},"1":{"name":"(anonymous_1)","decl":{"start":{"line":8,"column":46},"end":{"line":8,"column":47}},"loc":{"start":{"line":8,"column":62},"end":{"line":10,"column":1}},"line":8},"2":{"name":"(anonymous_2)","decl":{"start":{"line":11,"column":56},"end":{"line":11,"column":57}},"loc":{"start":{"line":11,"column":71},"end":{"line":13,"column":1}},"line":11},"3":{"name":"(anonymous_3)","decl":{"start":{"line":27,"column":4},"end":{"line":27,"column":5}},"loc":{"start":{"line":27,"column":42},"end":{"line":31,"column":5}},"line":27},"4":{"name":"(anonymous_4)","decl":{"start":{"line":62,"column":22},"end":{"line":62,"column":23}},"loc":{"start":{"line":62,"column":28},"end":{"line":62,"column":45}},"line":62},"5":{"name":"(anonymous_5)","decl":{"start":{"line":68,"column":25},"end":{"line":68,"column":26}},"loc":{"start":{"line":68,"column":31},"end":{"line":68,"column":45}},"line":68},"6":{"name":"(anonymous_6)","decl":{"start":{"line":74,"column":23},"end":{"line":74,"column":24}},"loc":{"start":{"line":74,"column":29},"end":{"line":74,"column":45}},"line":74},"7":{"name":"(anonymous_7)","decl":{"start":{"line":80,"column":23},"end":{"line":80,"column":24}},"loc":{"start":{"line":80,"column":29},"end":{"line":80,"column":52}},"line":80},"8":{"name":"(anonymous_8)","decl":{"start":{"line":86,"column":23},"end":{"line":86,"column":24}},"loc":{"start":{"line":86,"column":29},"end":{"line":86,"column":50}},"line":86},"9":{"name":"(anonymous_9)","decl":{"start":{"line":92,"column":23},"end":{"line":92,"column":24}},"loc":{"start":{"line":92,"column":29},"end":{"line":92,"column":51}},"line":92},"10":{"name":"(anonymous_10)","decl":{"start":{"line":98,"column":23},"end":{"line":98,"column":24}},"loc":{"start":{"line":98,"column":29},"end":{"line":98,"column":47}},"line":98}},"branchMap":{"0":{"loc":{"start":{"line":2,"column":17},"end":{"line":7,"column":1}},"type":"binary-expr","locations":[{"start":{"line":2,"column":18},"end":{"line":2,"column":22}},{"start":{"line":2,"column":26},"end":{"line":2,"column":41}},{"start":{"line":2,"column":46},"end":{"line":7,"column":1}}],"line":2},"1":{"loc":{"start":{"line":3,"column":34},"end":{"line":3,"column":125}},"type":"cond-expr","locations":[{"start":{"line":3,"column":42},"end":{"line":3,"column":48}},{"start":{"line":3,"column":51},"end":{"line":3,"column":125}}],"line":3},"2":{"loc":{"start":{"line":3,"column":51},"end":{"line":3,"column":125}},"type":"cond-expr","locations":[{"start":{"line":3,"column":67},"end":{"line":3,"column":118}},{"start":{"line":3,"column":121},"end":{"line":3,"column":125}}],"line":3},"3":{"loc":{"start":{"line":4,"column":4},"end":{"line":5,"column":150}},"type":"if","locations":[{"start":{"line":4,"column":4},"end":{"line":5,"column":150}},{"start":{"line":4,"column":4},"end":{"line":5,"column":150}}],"line":4},"4":{"loc":{"start":{"line":4,"column":8},"end":{"line":4,"column":77}},"type":"binary-expr","locations":[{"start":{"line":4,"column":8},"end":{"line":4,"column":35}},{"start":{"line":4,"column":39},"end":{"line":4,"column":77}}],"line":4},"5":{"loc":{"start":{"line":5,"column":58},"end":{"line":5,"column":150}},"type":"if","locations":[{"start":{"line":5,"column":58},"end":{"line":5,"column":150}},{"start":{"line":5,"column":58},"end":{"line":5,"column":150}}],"line":5},"6":{"loc":{"start":{"line":5,"column":85},"end":{"line":5,"column":149}},"type":"binary-expr","locations":[{"start":{"line":5,"column":86},"end":{"line":5,"column":143}},{"start":{"line":5,"column":148},"end":{"line":5,"column":149}}],"line":5},"7":{"loc":{"start":{"line":5,"column":86},"end":{"line":5,"column":143}},"type":"cond-expr","locations":[{"start":{"line":5,"column":94},"end":{"line":5,"column":98}},{"start":{"line":5,"column":101},"end":{"line":5,"column":143}}],"line":5},"8":{"loc":{"start":{"line":5,"column":101},"end":{"line":5,"column":143}},"type":"cond-expr","locations":[{"start":{"line":5,"column":109},"end":{"line":5,"column":126}},{"start":{"line":5,"column":129},"end":{"line":5,"column":143}}],"line":5},"9":{"loc":{"start":{"line":6,"column":11},"end":{"line":6,"column":62}},"type":"binary-expr","locations":[{"start":{"line":6,"column":11},"end":{"line":6,"column":16}},{"start":{"line":6,"column":20},"end":{"line":6,"column":21}},{"start":{"line":6,"column":25},"end":{"line":6,"column":62}}],"line":6},"10":{"loc":{"start":{"line":8,"column":17},"end":{"line":10,"column":1}},"type":"binary-expr","locations":[{"start":{"line":8,"column":18},"end":{"line":8,"column":22}},{"start":{"line":8,"column":26},"end":{"line":8,"column":41}},{"start":{"line":8,"column":46},"end":{"line":10,"column":1}}],"line":8},"11":{"loc":{"start":{"line":9,"column":4},"end":{"line":9,"column":109}},"type":"if","locations":[{"start":{"line":9,"column":4},"end":{"line":9,"column":109}},{"start":{"line":9,"column":4},"end":{"line":9,"column":109}}],"line":9},"12":{"loc":{"start":{"line":9,"column":8},"end":{"line":9,"column":77}},"type":"binary-expr","locations":[{"start":{"line":9,"column":8},"end":{"line":9,"column":35}},{"start":{"line":9,"column":39},"end":{"line":9,"column":77}}],"line":9},"13":{"loc":{"start":{"line":11,"column":22},"end":{"line":13,"column":1}},"type":"binary-expr","locations":[{"start":{"line":11,"column":23},"end":{"line":11,"column":27}},{"start":{"line":11,"column":31},"end":{"line":11,"column":51}},{"start":{"line":11,"column":56},"end":{"line":13,"column":1}}],"line":11},"14":{"loc":{"start":{"line":12,"column":11},"end":{"line":12,"column":61}},"type":"cond-expr","locations":[{"start":{"line":12,"column":37},"end":{"line":12,"column":40}},{"start":{"line":12,"column":43},"end":{"line":12,"column":61}}],"line":12},"15":{"loc":{"start":{"line":12,"column":12},"end":{"line":12,"column":33}},"type":"binary-expr","locations":[{"start":{"line":12,"column":12},"end":{"line":12,"column":15}},{"start":{"line":12,"column":19},"end":{"line":12,"column":33}}],"line":12},"16":{"loc":{"start":{"line":28,"column":8},"end":{"line":30,"column":9}},"type":"if","locations":[{"start":{"line":28,"column":8},"end":{"line":30,"column":9}},{"start":{"line":28,"column":8},"end":{"line":30,"column":9}}],"line":28},"17":{"loc":{"start":{"line":55,"column":30},"end":{"line":55,"column":132}},"type":"cond-expr","locations":[{"start":{"line":55,"column":121},"end":{"line":55,"column":123}},{"start":{"line":55,"column":126},"end":{"line":55,"column":132}}],"line":55},"18":{"loc":{"start":{"line":55,"column":43},"end":{"line":55,"column":102}},"type":"binary-expr","locations":[{"start":{"line":55,"column":43},"end":{"line":55,"column":82}},{"start":{"line":55,"column":86},"end":{"line":55,"column":102}}],"line":55},"19":{"loc":{"start":{"line":59,"column":30},"end":{"line":59,"column":132}},"type":"cond-expr","locations":[{"start":{"line":59,"column":121},"end":{"line":59,"column":123}},{"start":{"line":59,"column":126},"end":{"line":59,"column":132}}],"line":59},"20":{"loc":{"start":{"line":59,"column":43},"end":{"line":59,"column":102}},"type":"binary-expr","locations":[{"start":{"line":59,"column":43},"end":{"line":59,"column":82}},{"start":{"line":59,"column":86},"end":{"line":59,"column":102}}],"line":59},"21":{"loc":{"start":{"line":65,"column":30},"end":{"line":65,"column":124}},"type":"cond-expr","locations":[{"start":{"line":65,"column":113},"end":{"line":65,"column":115}},{"start":{"line":65,"column":118},"end":{"line":65,"column":124}}],"line":65},"22":{"loc":{"start":{"line":65,"column":43},"end":{"line":65,"column":94}},"type":"binary-expr","locations":[{"start":{"line":65,"column":43},"end":{"line":65,"column":78}},{"start":{"line":65,"column":82},"end":{"line":65,"column":94}}],"line":65},"23":{"loc":{"start":{"line":71,"column":30},"end":{"line":71,"column":130}},"type":"cond-expr","locations":[{"start":{"line":71,"column":119},"end":{"line":71,"column":121}},{"start":{"line":71,"column":124},"end":{"line":71,"column":130}}],"line":71},"24":{"loc":{"start":{"line":71,"column":43},"end":{"line":71,"column":100}},"type":"binary-expr","locations":[{"start":{"line":71,"column":43},"end":{"line":71,"column":81}},{"start":{"line":71,"column":85},"end":{"line":71,"column":100}}],"line":71},"25":{"loc":{"start":{"line":77,"column":30},"end":{"line":77,"column":126}},"type":"cond-expr","locations":[{"start":{"line":77,"column":115},"end":{"line":77,"column":117}},{"start":{"line":77,"column":120},"end":{"line":77,"column":126}}],"line":77},"26":{"loc":{"start":{"line":77,"column":43},"end":{"line":77,"column":96}},"type":"binary-expr","locations":[{"start":{"line":77,"column":43},"end":{"line":77,"column":79}},{"start":{"line":77,"column":83},"end":{"line":77,"column":96}}],"line":77},"27":{"loc":{"start":{"line":83,"column":30},"end":{"line":83,"column":126}},"type":"cond-expr","locations":[{"start":{"line":83,"column":115},"end":{"line":83,"column":117}},{"start":{"line":83,"column":120},"end":{"line":83,"column":126}}],"line":83},"28":{"loc":{"start":{"line":83,"column":43},"end":{"line":83,"column":96}},"type":"binary-expr","locations":[{"start":{"line":83,"column":43},"end":{"line":83,"column":79}},{"start":{"line":83,"column":83},"end":{"line":83,"column":96}}],"line":83},"29":{"loc":{"start":{"line":89,"column":30},"end":{"line":89,"column":126}},"type":"cond-expr","locations":[{"start":{"line":89,"column":115},"end":{"line":89,"column":117}},{"start":{"line":89,"column":120},"end":{"line":89,"column":126}}],"line":89},"30":{"loc":{"start":{"line":89,"column":43},"end":{"line":89,"column":96}},"type":"binary-expr","locations":[{"start":{"line":89,"column":43},"end":{"line":89,"column":79}},{"start":{"line":89,"column":83},"end":{"line":89,"column":96}}],"line":89},"31":{"loc":{"start":{"line":95,"column":30},"end":{"line":95,"column":126}},"type":"cond-expr","locations":[{"start":{"line":95,"column":115},"end":{"line":95,"column":117}},{"start":{"line":95,"column":120},"end":{"line":95,"column":126}}],"line":95},"32":{"loc":{"start":{"line":95,"column":43},"end":{"line":95,"column":96}},"type":"binary-expr","locations":[{"start":{"line":95,"column":43},"end":{"line":95,"column":79}},{"start":{"line":95,"column":83},"end":{"line":95,"column":96}}],"line":95},"33":{"loc":{"start":{"line":101,"column":30},"end":{"line":101,"column":126}},"type":"cond-expr","locations":[{"start":{"line":101,"column":115},"end":{"line":101,"column":117}},{"start":{"line":101,"column":120},"end":{"line":101,"column":126}}],"line":101},"34":{"loc":{"start":{"line":101,"column":43},"end":{"line":101,"column":96}},"type":"binary-expr","locations":[{"start":{"line":101,"column":43},"end":{"line":101,"column":79}},{"start":{"line":101,"column":83},"end":{"line":101,"column":96}}],"line":101}},"s":{"0":1,"1":15,"2":15,"3":15,"4":15,"5":0,"6":0,"7":0,"8":0,"9":15,"10":1,"11":17,"12":17,"13":1,"14":8,"15":1,"16":1,"17":1,"18":1,"19":1,"20":1,"21":1,"22":1,"23":1,"24":1,"25":1,"26":4,"27":4,"28":1,"29":1,"30":1,"31":1,"32":1,"33":1,"34":1,"35":1,"36":5,"37":1,"38":3,"39":1,"40":0,"41":1,"42":0,"43":1,"44":0,"45":1,"46":0,"47":1,"48":0,"49":1,"50":1},"f":{"0":15,"1":17,"2":8,"3":4,"4":5,"5":3,"6":0,"7":0,"8":0,"9":0,"10":0},"b":{"0":[1,1,1],"1":[0,15],"2":[1,14],"3":[15,0],"4":[15,15],"5":[0,0],"6":[0,0],"7":[0,0],"8":[0,0],"9":[15,15,1],"10":[1,1,1],"11":[17,0],"12":[17,17],"13":[1,1,1],"14":[7,1],"15":[8,8],"16":[4,0],"17":[1,0],"18":[1,1],"19":[1,0],"20":[1,1],"21":[0,1],"22":[1,0],"23":[0,1],"24":[1,0],"25":[0,1],"26":[1,0],"27":[0,1],"28":[1,0],"29":[0,1],"30":[1,0],"31":[0,1],"32":[1,0],"33":[0,1],"34":[1,0]},"inputSourceMap":{"version":3,"file":"User.js","sourceRoot":"","sources":["User.ts"],"names":[],"mappings":";;;;;;;;;;;;;;;AAAA,iCAAgC;AAChC,gEAA6H;AAC7H,wDAAgC;AAChC,kDAA0B;AAC1B,sDAA8B;AAC9B,kEAA0C;AAC1C,oEAA4C;AAC5C,gEAAwC;AACxC,0DAAkC;AAClC,kFAAyC;AAEzC,MAAqB,IAAK,SAAQ,eAAS;IA0DhC,MAAM,CAAC,KAAK,CAAC,YAAY,CAAE,UAAgB;QAChD,IAAI,UAAU,CAAC,MAAM,CAAC,QAAQ,EAAE;YAC9B,UAAU,CAAC,QAAQ,GAAG,MAAM,cAAI,CAAC,IAAI,CAAC,UAAU,CAAC,QAAQ,CAAC,CAAA;SAC3D;IACH,CAAC;CAEJ;AA9DC;IADC,IAAA,YAAM,EAAC,EAAE,SAAS,EAAE,IAAI,EAAE,CAAC;;gCACX;AAGjB;IADC,IAAA,YAAM,GAAE;;kCACU;AAGnB;IADC,IAAA,YAAM,GAAE;;qCACa;AAGtB;IADC,IAAA,YAAM,GAAE;;mCACW;AAGpB;IADC,IAAA,YAAM,GAAE;;sCACc;AAGvB;IADC,YAAM,CAAC,QAAQ,CAAC,EAAE,UAAU,EAAE,IAAI,EAAE,CAAC;kDACpB,gBAAQ,oBAAR,gBAAQ;uCAAA;AAG1B;IADC,YAAM,CAAC,QAAQ,CAAC,EAAE,UAAU,EAAE,IAAI,EAAE,UAAU,EAAE,IAAI,EAAE,CAAC;kDACtC,gBAAQ,oBAAR,gBAAQ;uCAAA;AAK1B;IAHC,IAAA,YAAM,EAAC,GAAG,EAAE,CAAC,iBAAO,EAAC;QACpB,UAAU,EAAE,SAAS;KACtB,CAAC;kDACc,YAAM,oBAAN,YAAM;qCAAgB;AAKtC;IAHC,IAAA,eAAS,EAAC,GAAE,EAAE,CAAC,cAAI,EAAC;QACnB,UAAU,EAAC,SAAS;KACrB,CAAC;kDACW,eAAS,oBAAT,eAAS;kCAAa;AAKnC;IAHC,IAAA,aAAO,EAAC,GAAE,EAAE,CAAC,gBAAM,EAAC;QACnB,UAAU,EAAC,SAAS;KACrB,CAAC;kDACc,aAAO,oBAAP,aAAO;qCAAe;AAKtC;IAHC,IAAA,aAAO,EAAC,GAAG,EAAE,CAAC,uBAAa,EAAC;QAC3B,UAAU,EAAC,YAAY;KACxB,CAAC;kDACmB,aAAO,oBAAP,aAAO;0CAAsB;AAKlD;IAHC,IAAA,aAAO,EAAC,GAAG,EAAE,CAAC,qBAAW,EAAC;QACzB,UAAU,EAAC,WAAW;KACvB,CAAC;kDACwB,aAAO,oBAAP,aAAO;+CAAoB;AAKrD;IAHC,IAAA,aAAO,EAAC,GAAE,EAAE,CAAC,sBAAY,EAAC;QACzB,UAAU,EAAC,SAAS;KACrB,CAAC;kDACqB,aAAO,oBAAP,aAAO;4CAAqB;AAKjD;IAHD,IAAA,aAAO,EAAC,GAAG,EAAE,CAAC,kBAAQ,EAAC;QACtB,UAAU,EAAE,SAAS;KACpB,CAAC;kDACe,aAAO,oBAAP,aAAO;sCAAiB;AAGzC;IADD,IAAA,gBAAU,GAAE;;qCACmC,IAAI;;8BAIjD;AA9DL,uBAgEC","sourcesContent":["import { DateTime } from 'luxon'\r\nimport { BaseModel, beforeSave, BelongsTo, belongsTo, column, hasMany, HasMany, hasOne, HasOne } from '@ioc:Adonis/Lucid/Orm'\r\nimport Profile from './Profile';\r\nimport Role from './Role';\r\nimport Driver from './Driver';\r\nimport ParkingOwner from './ParkingOwner';\r\nimport ParkingRating from './ParkingRating';\r\nimport Reservation from './Reservation';\r\nimport ApiToken from './ApiToken';\r\nimport Hash from '@ioc:Adonis/Core/Hash';\r\n\r\nexport default class User extends BaseModel {\r\n  @column({ isPrimary: true })\r\n  public id: number\r\n\r\n  @column()\r\n  public name:string;\r\n\r\n  @column()\r\n  public role_id:number;\r\n\r\n  @column()\r\n  public email:string;\r\n\r\n  @column()\r\n  public password:string;\r\n\r\n  @column.dateTime({ autoCreate: true })\r\n  public createdAt: DateTime\r\n\r\n  @column.dateTime({ autoCreate: true, autoUpdate: true })\r\n  public updatedAt: DateTime\r\n\r\n  @hasOne(() => Profile,{\r\n    foreignKey: 'user_id'\r\n  })\r\n  public profile: HasOne<typeof Profile>\r\n\r\n  @belongsTo(()=> Role,{\r\n    foreignKey:'role_id',\r\n  })\r\n  public role: BelongsTo<typeof Role>\r\n\r\n  @hasMany(()=> Driver,{\r\n    foreignKey:'user_id',\r\n  })\r\n  public drivers: HasMany<typeof Driver> //Not sure about this, please review it\r\n\r\n  @hasMany(() => ParkingRating,{\r\n    foreignKey:'parking_id' //Nombre clave propagada de la entidad\r\n  })\r\n  public user_ratings: HasMany<typeof ParkingRating>\r\n\r\n  @hasMany(() => Reservation,{\r\n    foreignKey:'driver_id' //Nombre clave propagada de la entidad\r\n  })\r\n  public user_reservations: HasMany<typeof Reservation>\r\n\r\n  @hasMany(()=> ParkingOwner,{\r\n    foreignKey:'user_id',\r\n  })\r\n  public parking_owners: HasMany<typeof ParkingOwner>\r\n\r\n  @hasMany(() => ApiToken,{\r\n    foreignKey: 'user_id',\r\n    })\r\n    public usuarios: HasMany<typeof ApiToken>\r\n\r\n  @beforeSave()\r\n    public static async hashPassword (el_usuario: User) {\r\n      if (el_usuario.$dirty.password) {\r\n        el_usuario.password = await Hash.make(el_usuario.password)\r\n      }\r\n    }\r\n  \r\n}\r\n"]},"_coverageSchema":"1a1c01bbd47fc00a2c39e90264f33305004495a9","hash":"75969216ddaa83535081c8b2692ad525826b46cd"},"F:\\Universidad\\8 semestre\\Proyecto de desarrollo\\clase-adonis\\proyecto\\app\\Models\\Profile.ts":{"path":"F:\\Universidad\\8 semestre\\Proyecto de desarrollo\\clase-adonis\\proyecto\\app\\Models\\Profile.ts","statementMap":{"0":{"start":{"line":2,"column":17},"end":{"line":7,"column":1}},"1":{"start":{"line":3,"column":12},"end":{"line":3,"column":28}},"2":{"start":{"line":3,"column":34},"end":{"line":3,"column":125}},"3":{"start":{"line":4,"column":4},"end":{"line":5,"column":150}},"4":{"start":{"line":4,"column":79},"end":{"line":4,"column":131}},"5":{"start":{"line":5,"column":9},"end":{"line":5,"column":150}},"6":{"start":{"line":5,"column":22},"end":{"line":5,"column":43}},"7":{"start":{"line":5,"column":58},"end":{"line":5,"column":150}},"8":{"start":{"line":5,"column":81},"end":{"line":5,"column":150}},"9":{"start":{"line":6,"column":4},"end":{"line":6,"column":66}},"10":{"start":{"line":8,"column":17},"end":{"line":10,"column":1}},"11":{"start":{"line":9,"column":4},"end":{"line":9,"column":109}},"12":{"start":{"line":9,"column":79},"end":{"line":9,"column":109}},"13":{"start":{"line":12,"column":0},"end":{"line":12,"column":62}},"14":{"start":{"line":13,"column":16},"end":{"line":13,"column":32}},"15":{"start":{"line":14,"column":14},"end":{"line":14,"column":63}},"16":{"start":{"line":17,"column":0},"end":{"line":20,"column":36}},"17":{"start":{"line":21,"column":0},"end":{"line":24,"column":41}},"18":{"start":{"line":25,"column":0},"end":{"line":28,"column":39}},"19":{"start":{"line":29,"column":0},"end":{"line":32,"column":46}},"20":{"start":{"line":33,"column":0},"end":{"line":36,"column":47}},"21":{"start":{"line":37,"column":0},"end":{"line":40,"column":43}},"22":{"start":{"line":41,"column":0},"end":{"line":44,"column":43}},"23":{"start":{"line":45,"column":0},"end":{"line":45,"column":26}}},"fnMap":{"0":{"name":"(anonymous_0)","decl":{"start":{"line":2,"column":46},"end":{"line":2,"column":47}},"loc":{"start":{"line":2,"column":87},"end":{"line":7,"column":1}},"line":2},"1":{"name":"(anonymous_1)","decl":{"start":{"line":8,"column":46},"end":{"line":8,"column":47}},"loc":{"start":{"line":8,"column":62},"end":{"line":10,"column":1}},"line":8}},"branchMap":{"0":{"loc":{"start":{"line":2,"column":17},"end":{"line":7,"column":1}},"type":"binary-expr","locations":[{"start":{"line":2,"column":18},"end":{"line":2,"column":22}},{"start":{"line":2,"column":26},"end":{"line":2,"column":41}},{"start":{"line":2,"column":46},"end":{"line":7,"column":1}}],"line":2},"1":{"loc":{"start":{"line":3,"column":34},"end":{"line":3,"column":125}},"type":"cond-expr","locations":[{"start":{"line":3,"column":42},"end":{"line":3,"column":48}},{"start":{"line":3,"column":51},"end":{"line":3,"column":125}}],"line":3},"2":{"loc":{"start":{"line":3,"column":51},"end":{"line":3,"column":125}},"type":"cond-expr","locations":[{"start":{"line":3,"column":67},"end":{"line":3,"column":118}},{"start":{"line":3,"column":121},"end":{"line":3,"column":125}}],"line":3},"3":{"loc":{"start":{"line":4,"column":4},"end":{"line":5,"column":150}},"type":"if","locations":[{"start":{"line":4,"column":4},"end":{"line":5,"column":150}},{"start":{"line":4,"column":4},"end":{"line":5,"column":150}}],"line":4},"4":{"loc":{"start":{"line":4,"column":8},"end":{"line":4,"column":77}},"type":"binary-expr","locations":[{"start":{"line":4,"column":8},"end":{"line":4,"column":35}},{"start":{"line":4,"column":39},"end":{"line":4,"column":77}}],"line":4},"5":{"loc":{"start":{"line":5,"column":58},"end":{"line":5,"column":150}},"type":"if","locations":[{"start":{"line":5,"column":58},"end":{"line":5,"column":150}},{"start":{"line":5,"column":58},"end":{"line":5,"column":150}}],"line":5},"6":{"loc":{"start":{"line":5,"column":85},"end":{"line":5,"column":149}},"type":"binary-expr","locations":[{"start":{"line":5,"column":86},"end":{"line":5,"column":143}},{"start":{"line":5,"column":148},"end":{"line":5,"column":149}}],"line":5},"7":{"loc":{"start":{"line":5,"column":86},"end":{"line":5,"column":143}},"type":"cond-expr","locations":[{"start":{"line":5,"column":94},"end":{"line":5,"column":98}},{"start":{"line":5,"column":101},"end":{"line":5,"column":143}}],"line":5},"8":{"loc":{"start":{"line":5,"column":101},"end":{"line":5,"column":143}},"type":"cond-expr","locations":[{"start":{"line":5,"column":109},"end":{"line":5,"column":126}},{"start":{"line":5,"column":129},"end":{"line":5,"column":143}}],"line":5},"9":{"loc":{"start":{"line":6,"column":11},"end":{"line":6,"column":62}},"type":"binary-expr","locations":[{"start":{"line":6,"column":11},"end":{"line":6,"column":16}},{"start":{"line":6,"column":20},"end":{"line":6,"column":21}},{"start":{"line":6,"column":25},"end":{"line":6,"column":62}}],"line":6},"10":{"loc":{"start":{"line":8,"column":17},"end":{"line":10,"column":1}},"type":"binary-expr","locations":[{"start":{"line":8,"column":18},"end":{"line":8,"column":22}},{"start":{"line":8,"column":26},"end":{"line":8,"column":41}},{"start":{"line":8,"column":46},"end":{"line":10,"column":1}}],"line":8},"11":{"loc":{"start":{"line":9,"column":4},"end":{"line":9,"column":109}},"type":"if","locations":[{"start":{"line":9,"column":4},"end":{"line":9,"column":109}},{"start":{"line":9,"column":4},"end":{"line":9,"column":109}}],"line":9},"12":{"loc":{"start":{"line":9,"column":8},"end":{"line":9,"column":77}},"type":"binary-expr","locations":[{"start":{"line":9,"column":8},"end":{"line":9,"column":35}},{"start":{"line":9,"column":39},"end":{"line":9,"column":77}}],"line":9},"13":{"loc":{"start":{"line":39,"column":30},"end":{"line":39,"column":132}},"type":"cond-expr","locations":[{"start":{"line":39,"column":121},"end":{"line":39,"column":123}},{"start":{"line":39,"column":126},"end":{"line":39,"column":132}}],"line":39},"14":{"loc":{"start":{"line":39,"column":43},"end":{"line":39,"column":102}},"type":"binary-expr","locations":[{"start":{"line":39,"column":43},"end":{"line":39,"column":82}},{"start":{"line":39,"column":86},"end":{"line":39,"column":102}}],"line":39},"15":{"loc":{"start":{"line":43,"column":30},"end":{"line":43,"column":132}},"type":"cond-expr","locations":[{"start":{"line":43,"column":121},"end":{"line":43,"column":123}},{"start":{"line":43,"column":126},"end":{"line":43,"column":132}}],"line":43},"16":{"loc":{"start":{"line":43,"column":43},"end":{"line":43,"column":102}},"type":"binary-expr","locations":[{"start":{"line":43,"column":43},"end":{"line":43,"column":82}},{"start":{"line":43,"column":86},"end":{"line":43,"column":102}}],"line":43}},"s":{"0":1,"1":7,"2":7,"3":7,"4":7,"5":0,"6":0,"7":0,"8":0,"9":7,"10":1,"11":7,"12":7,"13":1,"14":1,"15":1,"16":1,"17":1,"18":1,"19":1,"20":1,"21":1,"22":1,"23":1},"f":{"0":7,"1":7},"b":{"0":[1,1,1],"1":[0,7],"2":[0,7],"3":[7,0],"4":[7,7],"5":[0,0],"6":[0,0],"7":[0,0],"8":[0,0],"9":[7,7,0],"10":[1,1,1],"11":[7,0],"12":[7,7],"13":[1,0],"14":[1,1],"15":[1,0],"16":[1,1]},"inputSourceMap":{"version":3,"file":"Profile.js","sourceRoot":"","sources":["Profile.ts"],"names":[],"mappings":";;;;;;;;;;;;AAAA,iCAAgC;AAChC,gEAAyD;AAEzD,MAAqB,OAAQ,SAAQ,eAAS;CAwB7C;AAtBC;IADC,IAAA,YAAM,EAAC,EAAE,SAAS,EAAE,IAAI,EAAE,CAAC;;mCACX;AAGjB;IADC,IAAA,YAAM,GAAE;;wCACa;AAItB;IADC,IAAA,YAAM,GAAE;;sCACW;AAGpB;IADC,IAAA,YAAM,GAAE;;6CACkB;AAG3B;IADC,IAAA,YAAM,GAAE;;8CACmB;AAG5B;IADC,YAAM,CAAC,QAAQ,CAAC,EAAE,UAAU,EAAE,IAAI,EAAE,CAAC;kDACpB,gBAAQ,oBAAR,gBAAQ;0CAAA;AAG1B;IADC,YAAM,CAAC,QAAQ,CAAC,EAAE,UAAU,EAAE,IAAI,EAAE,UAAU,EAAE,IAAI,EAAE,CAAC;kDACtC,gBAAQ,oBAAR,gBAAQ;0CAAA;AArB5B,0BAwBC","sourcesContent":["import { DateTime } from 'luxon'\r\nimport { BaseModel, column } from '@ioc:Adonis/Lucid/Orm'\r\n\r\nexport default class Profile extends BaseModel {\r\n  @column({ isPrimary: true })\r\n  public id: number\r\n\r\n  @column()\r\n  public user_id:number;\r\n\r\n\r\n  @column()\r\n  public phone:string;\r\n\r\n  @column()\r\n  public facebook_url:string;\r\n\r\n  @column()\r\n  public instagram_url:string;\r\n\r\n  @column.dateTime({ autoCreate: true })\r\n  public createdAt: DateTime\r\n\r\n  @column.dateTime({ autoCreate: true, autoUpdate: true })\r\n  public updatedAt: DateTime\r\n\r\n\r\n}\r\n"]},"_coverageSchema":"1a1c01bbd47fc00a2c39e90264f33305004495a9","hash":"972f32e8c80a4fb6d7732d3613e3720e84071596"},"F:\\Universidad\\8 semestre\\Proyecto de desarrollo\\clase-adonis\\proyecto\\app\\Models\\Role.ts":{"path":"F:\\Universidad\\8 semestre\\Proyecto de desarrollo\\clase-adonis\\proyecto\\app\\Models\\Role.ts","statementMap":{"0":{"start":{"line":2,"column":17},"end":{"line":7,"column":1}},"1":{"start":{"line":3,"column":12},"end":{"line":3,"column":28}},"2":{"start":{"line":3,"column":34},"end":{"line":3,"column":125}},"3":{"start":{"line":4,"column":4},"end":{"line":5,"column":150}},"4":{"start":{"line":4,"column":79},"end":{"line":4,"column":131}},"5":{"start":{"line":5,"column":9},"end":{"line":5,"column":150}},"6":{"start":{"line":5,"column":22},"end":{"line":5,"column":43}},"7":{"start":{"line":5,"column":58},"end":{"line":5,"column":150}},"8":{"start":{"line":5,"column":81},"end":{"line":5,"column":150}},"9":{"start":{"line":6,"column":4},"end":{"line":6,"column":66}},"10":{"start":{"line":8,"column":17},"end":{"line":10,"column":1}},"11":{"start":{"line":9,"column":4},"end":{"line":9,"column":109}},"12":{"start":{"line":9,"column":79},"end":{"line":9,"column":109}},"13":{"start":{"line":11,"column":22},"end":{"line":13,"column":1}},"14":{"start":{"line":12,"column":4},"end":{"line":12,"column":62}},"15":{"start":{"line":15,"column":0},"end":{"line":15,"column":62}},"16":{"start":{"line":16,"column":16},"end":{"line":16,"column":32}},"17":{"start":{"line":17,"column":14},"end":{"line":17,"column":63}},"18":{"start":{"line":18,"column":15},"end":{"line":18,"column":49}},"19":{"start":{"line":19,"column":21},"end":{"line":19,"column":61}},"20":{"start":{"line":22,"column":0},"end":{"line":25,"column":33}},"21":{"start":{"line":26,"column":0},"end":{"line":29,"column":35}},"22":{"start":{"line":30,"column":0},"end":{"line":33,"column":40}},"23":{"start":{"line":34,"column":0},"end":{"line":37,"column":40}},"24":{"start":{"line":38,"column":0},"end":{"line":43,"column":36}},"25":{"start":{"line":39,"column":29},"end":{"line":39,"column":43}},"26":{"start":{"line":44,"column":0},"end":{"line":51,"column":42}},"27":{"start":{"line":45,"column":32},"end":{"line":45,"column":52}},"28":{"start":{"line":52,"column":0},"end":{"line":52,"column":23}}},"fnMap":{"0":{"name":"(anonymous_0)","decl":{"start":{"line":2,"column":46},"end":{"line":2,"column":47}},"loc":{"start":{"line":2,"column":87},"end":{"line":7,"column":1}},"line":2},"1":{"name":"(anonymous_1)","decl":{"start":{"line":8,"column":46},"end":{"line":8,"column":47}},"loc":{"start":{"line":8,"column":62},"end":{"line":10,"column":1}},"line":8},"2":{"name":"(anonymous_2)","decl":{"start":{"line":11,"column":56},"end":{"line":11,"column":57}},"loc":{"start":{"line":11,"column":71},"end":{"line":13,"column":1}},"line":11},"3":{"name":"(anonymous_3)","decl":{"start":{"line":39,"column":23},"end":{"line":39,"column":24}},"loc":{"start":{"line":39,"column":29},"end":{"line":39,"column":43}},"line":39},"4":{"name":"(anonymous_4)","decl":{"start":{"line":45,"column":26},"end":{"line":45,"column":27}},"loc":{"start":{"line":45,"column":32},"end":{"line":45,"column":52}},"line":45}},"branchMap":{"0":{"loc":{"start":{"line":2,"column":17},"end":{"line":7,"column":1}},"type":"binary-expr","locations":[{"start":{"line":2,"column":18},"end":{"line":2,"column":22}},{"start":{"line":2,"column":26},"end":{"line":2,"column":41}},{"start":{"line":2,"column":46},"end":{"line":7,"column":1}}],"line":2},"1":{"loc":{"start":{"line":3,"column":34},"end":{"line":3,"column":125}},"type":"cond-expr","locations":[{"start":{"line":3,"column":42},"end":{"line":3,"column":48}},{"start":{"line":3,"column":51},"end":{"line":3,"column":125}}],"line":3},"2":{"loc":{"start":{"line":3,"column":51},"end":{"line":3,"column":125}},"type":"cond-expr","locations":[{"start":{"line":3,"column":67},"end":{"line":3,"column":118}},{"start":{"line":3,"column":121},"end":{"line":3,"column":125}}],"line":3},"3":{"loc":{"start":{"line":4,"column":4},"end":{"line":5,"column":150}},"type":"if","locations":[{"start":{"line":4,"column":4},"end":{"line":5,"column":150}},{"start":{"line":4,"column":4},"end":{"line":5,"column":150}}],"line":4},"4":{"loc":{"start":{"line":4,"column":8},"end":{"line":4,"column":77}},"type":"binary-expr","locations":[{"start":{"line":4,"column":8},"end":{"line":4,"column":35}},{"start":{"line":4,"column":39},"end":{"line":4,"column":77}}],"line":4},"5":{"loc":{"start":{"line":5,"column":58},"end":{"line":5,"column":150}},"type":"if","locations":[{"start":{"line":5,"column":58},"end":{"line":5,"column":150}},{"start":{"line":5,"column":58},"end":{"line":5,"column":150}}],"line":5},"6":{"loc":{"start":{"line":5,"column":85},"end":{"line":5,"column":149}},"type":"binary-expr","locations":[{"start":{"line":5,"column":86},"end":{"line":5,"column":143}},{"start":{"line":5,"column":148},"end":{"line":5,"column":149}}],"line":5},"7":{"loc":{"start":{"line":5,"column":86},"end":{"line":5,"column":143}},"type":"cond-expr","locations":[{"start":{"line":5,"column":94},"end":{"line":5,"column":98}},{"start":{"line":5,"column":101},"end":{"line":5,"column":143}}],"line":5},"8":{"loc":{"start":{"line":5,"column":101},"end":{"line":5,"column":143}},"type":"cond-expr","locations":[{"start":{"line":5,"column":109},"end":{"line":5,"column":126}},{"start":{"line":5,"column":129},"end":{"line":5,"column":143}}],"line":5},"9":{"loc":{"start":{"line":6,"column":11},"end":{"line":6,"column":62}},"type":"binary-expr","locations":[{"start":{"line":6,"column":11},"end":{"line":6,"column":16}},{"start":{"line":6,"column":20},"end":{"line":6,"column":21}},{"start":{"line":6,"column":25},"end":{"line":6,"column":62}}],"line":6},"10":{"loc":{"start":{"line":8,"column":17},"end":{"line":10,"column":1}},"type":"binary-expr","locations":[{"start":{"line":8,"column":18},"end":{"line":8,"column":22}},{"start":{"line":8,"column":26},"end":{"line":8,"column":41}},{"start":{"line":8,"column":46},"end":{"line":10,"column":1}}],"line":8},"11":{"loc":{"start":{"line":9,"column":4},"end":{"line":9,"column":109}},"type":"if","locations":[{"start":{"line":9,"column":4},"end":{"line":9,"column":109}},{"start":{"line":9,"column":4},"end":{"line":9,"column":109}}],"line":9},"12":{"loc":{"start":{"line":9,"column":8},"end":{"line":9,"column":77}},"type":"binary-expr","locations":[{"start":{"line":9,"column":8},"end":{"line":9,"column":35}},{"start":{"line":9,"column":39},"end":{"line":9,"column":77}}],"line":9},"13":{"loc":{"start":{"line":11,"column":22},"end":{"line":13,"column":1}},"type":"binary-expr","locations":[{"start":{"line":11,"column":23},"end":{"line":11,"column":27}},{"start":{"line":11,"column":31},"end":{"line":11,"column":51}},{"start":{"line":11,"column":56},"end":{"line":13,"column":1}}],"line":11},"14":{"loc":{"start":{"line":12,"column":11},"end":{"line":12,"column":61}},"type":"cond-expr","locations":[{"start":{"line":12,"column":37},"end":{"line":12,"column":40}},{"start":{"line":12,"column":43},"end":{"line":12,"column":61}}],"line":12},"15":{"loc":{"start":{"line":12,"column":12},"end":{"line":12,"column":33}},"type":"binary-expr","locations":[{"start":{"line":12,"column":12},"end":{"line":12,"column":15}},{"start":{"line":12,"column":19},"end":{"line":12,"column":33}}],"line":12},"16":{"loc":{"start":{"line":32,"column":30},"end":{"line":32,"column":132}},"type":"cond-expr","locations":[{"start":{"line":32,"column":121},"end":{"line":32,"column":123}},{"start":{"line":32,"column":126},"end":{"line":32,"column":132}}],"line":32},"17":{"loc":{"start":{"line":32,"column":43},"end":{"line":32,"column":102}},"type":"binary-expr","locations":[{"start":{"line":32,"column":43},"end":{"line":32,"column":82}},{"start":{"line":32,"column":86},"end":{"line":32,"column":102}}],"line":32},"18":{"loc":{"start":{"line":36,"column":30},"end":{"line":36,"column":132}},"type":"cond-expr","locations":[{"start":{"line":36,"column":121},"end":{"line":36,"column":123}},{"start":{"line":36,"column":126},"end":{"line":36,"column":132}}],"line":36},"19":{"loc":{"start":{"line":36,"column":43},"end":{"line":36,"column":102}},"type":"binary-expr","locations":[{"start":{"line":36,"column":43},"end":{"line":36,"column":82}},{"start":{"line":36,"column":86},"end":{"line":36,"column":102}}],"line":36},"20":{"loc":{"start":{"line":42,"column":30},"end":{"line":42,"column":126}},"type":"cond-expr","locations":[{"start":{"line":42,"column":115},"end":{"line":42,"column":117}},{"start":{"line":42,"column":120},"end":{"line":42,"column":126}}],"line":42},"21":{"loc":{"start":{"line":42,"column":43},"end":{"line":42,"column":96}},"type":"binary-expr","locations":[{"start":{"line":42,"column":43},"end":{"line":42,"column":79}},{"start":{"line":42,"column":83},"end":{"line":42,"column":96}}],"line":42},"22":{"loc":{"start":{"line":50,"column":30},"end":{"line":50,"column":132}},"type":"cond-expr","locations":[{"start":{"line":50,"column":121},"end":{"line":50,"column":123}},{"start":{"line":50,"column":126},"end":{"line":50,"column":132}}],"line":50},"23":{"loc":{"start":{"line":50,"column":43},"end":{"line":50,"column":102}},"type":"binary-expr","locations":[{"start":{"line":50,"column":43},"end":{"line":50,"column":82}},{"start":{"line":50,"column":86},"end":{"line":50,"column":102}}],"line":50}},"s":{"0":1,"1":6,"2":6,"3":6,"4":6,"5":0,"6":0,"7":0,"8":0,"9":6,"10":1,"11":6,"12":6,"13":1,"14":2,"15":1,"16":1,"17":1,"18":1,"19":1,"20":1,"21":1,"22":1,"23":1,"24":1,"25":0,"26":1,"27":0,"28":1},"f":{"0":6,"1":6,"2":2,"3":0,"4":0},"b":{"0":[1,1,1],"1":[0,6],"2":[0,6],"3":[6,0],"4":[6,6],"5":[0,0],"6":[0,0],"7":[0,0],"8":[0,0],"9":[6,6,0],"10":[1,1,1],"11":[6,0],"12":[6,6],"13":[1,1,1],"14":[2,0],"15":[2,2],"16":[1,0],"17":[1,1],"18":[1,0],"19":[1,1],"20":[0,1],"21":[1,0],"22":[0,1],"23":[1,0]},"inputSourceMap":{"version":3,"file":"Role.js","sourceRoot":"","sources":["Role.ts"],"names":[],"mappings":";;;;;;;;;;;;;;;AAAA,iCAAgC;AAChC,gEAAmG;AACnG,kDAA0B;AAC1B,8DAAsC;AAEtC,MAAqB,IAAK,SAAQ,eAAS;CAwB1C;AAtBC;IADC,IAAA,YAAM,EAAC,EAAE,SAAS,EAAE,IAAI,EAAE,CAAC;;gCACX;AAEjB;IADC,IAAA,YAAM,GAAE;;kCACU;AAGnB;IADC,YAAM,CAAC,QAAQ,CAAC,EAAE,UAAU,EAAE,IAAI,EAAE,CAAC;kDACpB,gBAAQ,oBAAR,gBAAQ;uCAAA;AAG1B;IADC,YAAM,CAAC,QAAQ,CAAC,EAAE,UAAU,EAAE,IAAI,EAAE,UAAU,EAAE,IAAI,EAAE,CAAC;kDACtC,gBAAQ,oBAAR,gBAAQ;uCAAA;AAK1B;IAHC,IAAA,aAAO,EAAC,GAAE,EAAE,CAAA,cAAI,EAAC;QAChB,UAAU,EAAC,SAAS;KACrB,CAAC;kDACY,aAAO,oBAAP,aAAO;mCAAa;AAOlC;IALC,IAAA,gBAAU,EAAC,GAAE,EAAE,CAAC,oBAAU,EAAC;QAC1B,UAAU,EAAE,mBAAmB;QAC/B,eAAe,EAAE,SAAS;QAC1B,sBAAsB,EAAE,eAAe;KACxC,CAAC;kDACkB,gBAAU,oBAAV,gBAAU;yCAAmB;AAtBnD,uBAwBC","sourcesContent":["import { DateTime } from 'luxon'\r\nimport { BaseModel, column, HasMany, hasMany, ManyToMany, manyToMany } from '@ioc:Adonis/Lucid/Orm'\r\nimport User from './User';\r\nimport Permission from './Permission';\r\n\r\nexport default class Role extends BaseModel {\r\n  @column({ isPrimary: true })\r\n  public id: number\r\n  @column()\r\n  public name:string;\r\n\r\n  @column.dateTime({ autoCreate: true })\r\n  public createdAt: DateTime\r\n\r\n  @column.dateTime({ autoCreate: true, autoUpdate: true })\r\n  public updatedAt: DateTime\r\n\r\n  @hasMany(()=>User,{\r\n    foreignKey:'role_id'\r\n  })\r\n  public users: HasMany<typeof User>\r\n\r\n  @manyToMany(()=> Permission,{\r\n    pivotTable: 'permissions_roles',\r\n    pivotForeignKey: 'role_id',\r\n    pivotRelatedForeignKey: 'permission_id',\r\n  })\r\n  public permissions: ManyToMany<typeof Permission>\r\n\r\n}\r\n"]},"_coverageSchema":"1a1c01bbd47fc00a2c39e90264f33305004495a9","hash":"027b97cd2ec1b5555448af79e2351f8627408750"},"F:\\Universidad\\8 semestre\\Proyecto de desarrollo\\clase-adonis\\proyecto\\app\\Models\\Permission.ts":{"path":"F:\\Universidad\\8 semestre\\Proyecto de desarrollo\\clase-adonis\\proyecto\\app\\Models\\Permission.ts","statementMap":{"0":{"start":{"line":2,"column":17},"end":{"line":7,"column":1}},"1":{"start":{"line":3,"column":12},"end":{"line":3,"column":28}},"2":{"start":{"line":3,"column":34},"end":{"line":3,"column":125}},"3":{"start":{"line":4,"column":4},"end":{"line":5,"column":150}},"4":{"start":{"line":4,"column":79},"end":{"line":4,"column":131}},"5":{"start":{"line":5,"column":9},"end":{"line":5,"column":150}},"6":{"start":{"line":5,"column":22},"end":{"line":5,"column":43}},"7":{"start":{"line":5,"column":58},"end":{"line":5,"column":150}},"8":{"start":{"line":5,"column":81},"end":{"line":5,"column":150}},"9":{"start":{"line":6,"column":4},"end":{"line":6,"column":66}},"10":{"start":{"line":8,"column":17},"end":{"line":10,"column":1}},"11":{"start":{"line":9,"column":4},"end":{"line":9,"column":109}},"12":{"start":{"line":9,"column":79},"end":{"line":9,"column":109}},"13":{"start":{"line":11,"column":22},"end":{"line":13,"column":1}},"14":{"start":{"line":12,"column":4},"end":{"line":12,"column":62}},"15":{"start":{"line":15,"column":0},"end":{"line":15,"column":62}},"16":{"start":{"line":16,"column":16},"end":{"line":16,"column":32}},"17":{"start":{"line":17,"column":14},"end":{"line":17,"column":63}},"18":{"start":{"line":18,"column":15},"end":{"line":18,"column":49}},"19":{"start":{"line":21,"column":0},"end":{"line":24,"column":39}},"20":{"start":{"line":25,"column":0},"end":{"line":28,"column":40}},"21":{"start":{"line":29,"column":0},"end":{"line":32,"column":43}},"22":{"start":{"line":33,"column":0},"end":{"line":36,"column":46}},"23":{"start":{"line":37,"column":0},"end":{"line":40,"column":46}},"24":{"start":{"line":41,"column":0},"end":{"line":48,"column":42}},"25":{"start":{"line":42,"column":32},"end":{"line":42,"column":46}},"26":{"start":{"line":49,"column":0},"end":{"line":49,"column":29}}},"fnMap":{"0":{"name":"(anonymous_0)","decl":{"start":{"line":2,"column":46},"end":{"line":2,"column":47}},"loc":{"start":{"line":2,"column":87},"end":{"line":7,"column":1}},"line":2},"1":{"name":"(anonymous_1)","decl":{"start":{"line":8,"column":46},"end":{"line":8,"column":47}},"loc":{"start":{"line":8,"column":62},"end":{"line":10,"column":1}},"line":8},"2":{"name":"(anonymous_2)","decl":{"start":{"line":11,"column":56},"end":{"line":11,"column":57}},"loc":{"start":{"line":11,"column":71},"end":{"line":13,"column":1}},"line":11},"3":{"name":"(anonymous_3)","decl":{"start":{"line":42,"column":26},"end":{"line":42,"column":27}},"loc":{"start":{"line":42,"column":32},"end":{"line":42,"column":46}},"line":42}},"branchMap":{"0":{"loc":{"start":{"line":2,"column":17},"end":{"line":7,"column":1}},"type":"binary-expr","locations":[{"start":{"line":2,"column":18},"end":{"line":2,"column":22}},{"start":{"line":2,"column":26},"end":{"line":2,"column":41}},{"start":{"line":2,"column":46},"end":{"line":7,"column":1}}],"line":2},"1":{"loc":{"start":{"line":3,"column":34},"end":{"line":3,"column":125}},"type":"cond-expr","locations":[{"start":{"line":3,"column":42},"end":{"line":3,"column":48}},{"start":{"line":3,"column":51},"end":{"line":3,"column":125}}],"line":3},"2":{"loc":{"start":{"line":3,"column":51},"end":{"line":3,"column":125}},"type":"cond-expr","locations":[{"start":{"line":3,"column":67},"end":{"line":3,"column":118}},{"start":{"line":3,"column":121},"end":{"line":3,"column":125}}],"line":3},"3":{"loc":{"start":{"line":4,"column":4},"end":{"line":5,"column":150}},"type":"if","locations":[{"start":{"line":4,"column":4},"end":{"line":5,"column":150}},{"start":{"line":4,"column":4},"end":{"line":5,"column":150}}],"line":4},"4":{"loc":{"start":{"line":4,"column":8},"end":{"line":4,"column":77}},"type":"binary-expr","locations":[{"start":{"line":4,"column":8},"end":{"line":4,"column":35}},{"start":{"line":4,"column":39},"end":{"line":4,"column":77}}],"line":4},"5":{"loc":{"start":{"line":5,"column":58},"end":{"line":5,"column":150}},"type":"if","locations":[{"start":{"line":5,"column":58},"end":{"line":5,"column":150}},{"start":{"line":5,"column":58},"end":{"line":5,"column":150}}],"line":5},"6":{"loc":{"start":{"line":5,"column":85},"end":{"line":5,"column":149}},"type":"binary-expr","locations":[{"start":{"line":5,"column":86},"end":{"line":5,"column":143}},{"start":{"line":5,"column":148},"end":{"line":5,"column":149}}],"line":5},"7":{"loc":{"start":{"line":5,"column":86},"end":{"line":5,"column":143}},"type":"cond-expr","locations":[{"start":{"line":5,"column":94},"end":{"line":5,"column":98}},{"start":{"line":5,"column":101},"end":{"line":5,"column":143}}],"line":5},"8":{"loc":{"start":{"line":5,"column":101},"end":{"line":5,"column":143}},"type":"cond-expr","locations":[{"start":{"line":5,"column":109},"end":{"line":5,"column":126}},{"start":{"line":5,"column":129},"end":{"line":5,"column":143}}],"line":5},"9":{"loc":{"start":{"line":6,"column":11},"end":{"line":6,"column":62}},"type":"binary-expr","locations":[{"start":{"line":6,"column":11},"end":{"line":6,"column":16}},{"start":{"line":6,"column":20},"end":{"line":6,"column":21}},{"start":{"line":6,"column":25},"end":{"line":6,"column":62}}],"line":6},"10":{"loc":{"start":{"line":8,"column":17},"end":{"line":10,"column":1}},"type":"binary-expr","locations":[{"start":{"line":8,"column":18},"end":{"line":8,"column":22}},{"start":{"line":8,"column":26},"end":{"line":8,"column":41}},{"start":{"line":8,"column":46},"end":{"line":10,"column":1}}],"line":8},"11":{"loc":{"start":{"line":9,"column":4},"end":{"line":9,"column":109}},"type":"if","locations":[{"start":{"line":9,"column":4},"end":{"line":9,"column":109}},{"start":{"line":9,"column":4},"end":{"line":9,"column":109}}],"line":9},"12":{"loc":{"start":{"line":9,"column":8},"end":{"line":9,"column":77}},"type":"binary-expr","locations":[{"start":{"line":9,"column":8},"end":{"line":9,"column":35}},{"start":{"line":9,"column":39},"end":{"line":9,"column":77}}],"line":9},"13":{"loc":{"start":{"line":11,"column":22},"end":{"line":13,"column":1}},"type":"binary-expr","locations":[{"start":{"line":11,"column":23},"end":{"line":11,"column":27}},{"start":{"line":11,"column":31},"end":{"line":11,"column":51}},{"start":{"line":11,"column":56},"end":{"line":13,"column":1}}],"line":11},"14":{"loc":{"start":{"line":12,"column":11},"end":{"line":12,"column":61}},"type":"cond-expr","locations":[{"start":{"line":12,"column":37},"end":{"line":12,"column":40}},{"start":{"line":12,"column":43},"end":{"line":12,"column":61}}],"line":12},"15":{"loc":{"start":{"line":12,"column":12},"end":{"line":12,"column":33}},"type":"binary-expr","locations":[{"start":{"line":12,"column":12},"end":{"line":12,"column":15}},{"start":{"line":12,"column":19},"end":{"line":12,"column":33}}],"line":12},"16":{"loc":{"start":{"line":35,"column":30},"end":{"line":35,"column":132}},"type":"cond-expr","locations":[{"start":{"line":35,"column":121},"end":{"line":35,"column":123}},{"start":{"line":35,"column":126},"end":{"line":35,"column":132}}],"line":35},"17":{"loc":{"start":{"line":35,"column":43},"end":{"line":35,"column":102}},"type":"binary-expr","locations":[{"start":{"line":35,"column":43},"end":{"line":35,"column":82}},{"start":{"line":35,"column":86},"end":{"line":35,"column":102}}],"line":35},"18":{"loc":{"start":{"line":39,"column":30},"end":{"line":39,"column":132}},"type":"cond-expr","locations":[{"start":{"line":39,"column":121},"end":{"line":39,"column":123}},{"start":{"line":39,"column":126},"end":{"line":39,"column":132}}],"line":39},"19":{"loc":{"start":{"line":39,"column":43},"end":{"line":39,"column":102}},"type":"binary-expr","locations":[{"start":{"line":39,"column":43},"end":{"line":39,"column":82}},{"start":{"line":39,"column":86},"end":{"line":39,"column":102}}],"line":39},"20":{"loc":{"start":{"line":47,"column":30},"end":{"line":47,"column":132}},"type":"cond-expr","locations":[{"start":{"line":47,"column":121},"end":{"line":47,"column":123}},{"start":{"line":47,"column":126},"end":{"line":47,"column":132}}],"line":47},"21":{"loc":{"start":{"line":47,"column":43},"end":{"line":47,"column":102}},"type":"binary-expr","locations":[{"start":{"line":47,"column":43},"end":{"line":47,"column":82}},{"start":{"line":47,"column":86},"end":{"line":47,"column":102}}],"line":47}},"s":{"0":1,"1":6,"2":6,"3":6,"4":6,"5":0,"6":0,"7":0,"8":0,"9":6,"10":1,"11":6,"12":6,"13":1,"14":1,"15":1,"16":1,"17":1,"18":1,"19":1,"20":1,"21":1,"22":1,"23":1,"24":1,"25":0,"26":1},"f":{"0":6,"1":6,"2":1,"3":0},"b":{"0":[1,1,1],"1":[0,6],"2":[0,6],"3":[6,0],"4":[6,6],"5":[0,0],"6":[0,0],"7":[0,0],"8":[0,0],"9":[6,6,0],"10":[1,1,1],"11":[6,0],"12":[6,6],"13":[1,1,1],"14":[1,0],"15":[1,1],"16":[1,0],"17":[1,1],"18":[1,0],"19":[1,1],"20":[0,1],"21":[1,0]},"inputSourceMap":{"version":3,"file":"Permission.js","sourceRoot":"","sources":["Permission.ts"],"names":[],"mappings":";;;;;;;;;;;;;;;AAAA,iCAAgC;AAChC,gEAAiF;AACjF,kDAA0B;AAE1B,MAAqB,UAAW,SAAQ,eAAS;CAsBhD;AApBC;IADC,IAAA,YAAM,EAAC,EAAE,SAAS,EAAE,IAAI,EAAE,CAAC;;sCACX;AAGjB;IADC,IAAA,YAAM,GAAE;;uCACS;AAGlB;IADC,IAAA,YAAM,GAAE;;0CACY;AAGrB;IADC,YAAM,CAAC,QAAQ,CAAC,EAAE,UAAU,EAAE,IAAI,EAAE,CAAC;kDACpB,gBAAQ,oBAAR,gBAAQ;6CAAA;AAG1B;IADC,YAAM,CAAC,QAAQ,CAAC,EAAE,UAAU,EAAE,IAAI,EAAE,UAAU,EAAE,IAAI,EAAE,CAAC;kDACtC,gBAAQ,oBAAR,gBAAQ;6CAAA;AAO1B;IALC,IAAA,gBAAU,EAAC,GAAG,EAAE,CAAC,cAAI,EAAE;QACtB,UAAU,EAAE,mBAAmB;QAC/B,eAAe,EAAC,eAAe;QAC/B,sBAAsB,EAAC,SAAS;KACjC,CAAC;kDACY,gBAAU,oBAAV,gBAAU;yCAAa;AArBvC,6BAsBC","sourcesContent":["import { DateTime } from 'luxon'\r\nimport { BaseModel, column, manyToMany, ManyToMany } from '@ioc:Adonis/Lucid/Orm'\r\nimport Role from './Role';\r\n\r\nexport default class Permission extends BaseModel {\r\n  @column({ isPrimary: true })\r\n  public id: number\r\n\r\n  @column()\r\n  public url:string;\r\n\r\n  @column()\r\n  public method:string;\r\n\r\n  @column.dateTime({ autoCreate: true })\r\n  public createdAt: DateTime\r\n\r\n  @column.dateTime({ autoCreate: true, autoUpdate: true })\r\n  public updatedAt: DateTime\r\n\r\n  @manyToMany(() => Role, {\r\n    pivotTable: 'permissions_roles', //Nombre tabla pivote\r\n    pivotForeignKey:'permission_id',\r\n    pivotRelatedForeignKey:'role_id',\r\n  })\r\n  public roles: ManyToMany<typeof Role>\r\n}\r\n"]},"_coverageSchema":"1a1c01bbd47fc00a2c39e90264f33305004495a9","hash":"0de5aa589b69630b1fb152576b14fed630911fbb"},"F:\\Universidad\\8 semestre\\Proyecto de desarrollo\\clase-adonis\\proyecto\\app\\Models\\Driver.ts":{"path":"F:\\Universidad\\8 semestre\\Proyecto de desarrollo\\clase-adonis\\proyecto\\app\\Models\\Driver.ts","statementMap":{"0":{"start":{"line":2,"column":17},"end":{"line":7,"column":1}},"1":{"start":{"line":3,"column":12},"end":{"line":3,"column":28}},"2":{"start":{"line":3,"column":34},"end":{"line":3,"column":125}},"3":{"start":{"line":4,"column":4},"end":{"line":5,"column":150}},"4":{"start":{"line":4,"column":79},"end":{"line":4,"column":131}},"5":{"start":{"line":5,"column":9},"end":{"line":5,"column":150}},"6":{"start":{"line":5,"column":22},"end":{"line":5,"column":43}},"7":{"start":{"line":5,"column":58},"end":{"line":5,"column":150}},"8":{"start":{"line":5,"column":81},"end":{"line":5,"column":150}},"9":{"start":{"line":6,"column":4},"end":{"line":6,"column":66}},"10":{"start":{"line":8,"column":17},"end":{"line":10,"column":1}},"11":{"start":{"line":9,"column":4},"end":{"line":9,"column":109}},"12":{"start":{"line":9,"column":79},"end":{"line":9,"column":109}},"13":{"start":{"line":11,"column":22},"end":{"line":13,"column":1}},"14":{"start":{"line":12,"column":4},"end":{"line":12,"column":62}},"15":{"start":{"line":15,"column":0},"end":{"line":15,"column":62}},"16":{"start":{"line":16,"column":16},"end":{"line":16,"column":32}},"17":{"start":{"line":17,"column":14},"end":{"line":17,"column":63}},"18":{"start":{"line":18,"column":18},"end":{"line":18,"column":55}},"19":{"start":{"line":19,"column":15},"end":{"line":19,"column":49}},"20":{"start":{"line":22,"column":0},"end":{"line":25,"column":35}},"21":{"start":{"line":26,"column":0},"end":{"line":29,"column":40}},"22":{"start":{"line":30,"column":0},"end":{"line":33,"column":42}},"23":{"start":{"line":34,"column":0},"end":{"line":39,"column":37}},"24":{"start":{"line":35,"column":31},"end":{"line":35,"column":45}},"25":{"start":{"line":40,"column":0},"end":{"line":47,"column":41}},"26":{"start":{"line":41,"column":32},"end":{"line":41,"column":49}},"27":{"start":{"line":48,"column":0},"end":{"line":51,"column":42}},"28":{"start":{"line":52,"column":0},"end":{"line":55,"column":42}},"29":{"start":{"line":56,"column":0},"end":{"line":56,"column":25}}},"fnMap":{"0":{"name":"(anonymous_0)","decl":{"start":{"line":2,"column":46},"end":{"line":2,"column":47}},"loc":{"start":{"line":2,"column":87},"end":{"line":7,"column":1}},"line":2},"1":{"name":"(anonymous_1)","decl":{"start":{"line":8,"column":46},"end":{"line":8,"column":47}},"loc":{"start":{"line":8,"column":62},"end":{"line":10,"column":1}},"line":8},"2":{"name":"(anonymous_2)","decl":{"start":{"line":11,"column":56},"end":{"line":11,"column":57}},"loc":{"start":{"line":11,"column":71},"end":{"line":13,"column":1}},"line":11},"3":{"name":"(anonymous_3)","decl":{"start":{"line":35,"column":25},"end":{"line":35,"column":26}},"loc":{"start":{"line":35,"column":31},"end":{"line":35,"column":45}},"line":35},"4":{"name":"(anonymous_4)","decl":{"start":{"line":41,"column":26},"end":{"line":41,"column":27}},"loc":{"start":{"line":41,"column":32},"end":{"line":41,"column":49}},"line":41}},"branchMap":{"0":{"loc":{"start":{"line":2,"column":17},"end":{"line":7,"column":1}},"type":"binary-expr","locations":[{"start":{"line":2,"column":18},"end":{"line":2,"column":22}},{"start":{"line":2,"column":26},"end":{"line":2,"column":41}},{"start":{"line":2,"column":46},"end":{"line":7,"column":1}}],"line":2},"1":{"loc":{"start":{"line":3,"column":34},"end":{"line":3,"column":125}},"type":"cond-expr","locations":[{"start":{"line":3,"column":42},"end":{"line":3,"column":48}},{"start":{"line":3,"column":51},"end":{"line":3,"column":125}}],"line":3},"2":{"loc":{"start":{"line":3,"column":51},"end":{"line":3,"column":125}},"type":"cond-expr","locations":[{"start":{"line":3,"column":67},"end":{"line":3,"column":118}},{"start":{"line":3,"column":121},"end":{"line":3,"column":125}}],"line":3},"3":{"loc":{"start":{"line":4,"column":4},"end":{"line":5,"column":150}},"type":"if","locations":[{"start":{"line":4,"column":4},"end":{"line":5,"column":150}},{"start":{"line":4,"column":4},"end":{"line":5,"column":150}}],"line":4},"4":{"loc":{"start":{"line":4,"column":8},"end":{"line":4,"column":77}},"type":"binary-expr","locations":[{"start":{"line":4,"column":8},"end":{"line":4,"column":35}},{"start":{"line":4,"column":39},"end":{"line":4,"column":77}}],"line":4},"5":{"loc":{"start":{"line":5,"column":58},"end":{"line":5,"column":150}},"type":"if","locations":[{"start":{"line":5,"column":58},"end":{"line":5,"column":150}},{"start":{"line":5,"column":58},"end":{"line":5,"column":150}}],"line":5},"6":{"loc":{"start":{"line":5,"column":85},"end":{"line":5,"column":149}},"type":"binary-expr","locations":[{"start":{"line":5,"column":86},"end":{"line":5,"column":143}},{"start":{"line":5,"column":148},"end":{"line":5,"column":149}}],"line":5},"7":{"loc":{"start":{"line":5,"column":86},"end":{"line":5,"column":143}},"type":"cond-expr","locations":[{"start":{"line":5,"column":94},"end":{"line":5,"column":98}},{"start":{"line":5,"column":101},"end":{"line":5,"column":143}}],"line":5},"8":{"loc":{"start":{"line":5,"column":101},"end":{"line":5,"column":143}},"type":"cond-expr","locations":[{"start":{"line":5,"column":109},"end":{"line":5,"column":126}},{"start":{"line":5,"column":129},"end":{"line":5,"column":143}}],"line":5},"9":{"loc":{"start":{"line":6,"column":11},"end":{"line":6,"column":62}},"type":"binary-expr","locations":[{"start":{"line":6,"column":11},"end":{"line":6,"column":16}},{"start":{"line":6,"column":20},"end":{"line":6,"column":21}},{"start":{"line":6,"column":25},"end":{"line":6,"column":62}}],"line":6},"10":{"loc":{"start":{"line":8,"column":17},"end":{"line":10,"column":1}},"type":"binary-expr","locations":[{"start":{"line":8,"column":18},"end":{"line":8,"column":22}},{"start":{"line":8,"column":26},"end":{"line":8,"column":41}},{"start":{"line":8,"column":46},"end":{"line":10,"column":1}}],"line":8},"11":{"loc":{"start":{"line":9,"column":4},"end":{"line":9,"column":109}},"type":"if","locations":[{"start":{"line":9,"column":4},"end":{"line":9,"column":109}},{"start":{"line":9,"column":4},"end":{"line":9,"column":109}}],"line":9},"12":{"loc":{"start":{"line":9,"column":8},"end":{"line":9,"column":77}},"type":"binary-expr","locations":[{"start":{"line":9,"column":8},"end":{"line":9,"column":35}},{"start":{"line":9,"column":39},"end":{"line":9,"column":77}}],"line":9},"13":{"loc":{"start":{"line":11,"column":22},"end":{"line":13,"column":1}},"type":"binary-expr","locations":[{"start":{"line":11,"column":23},"end":{"line":11,"column":27}},{"start":{"line":11,"column":31},"end":{"line":11,"column":51}},{"start":{"line":11,"column":56},"end":{"line":13,"column":1}}],"line":11},"14":{"loc":{"start":{"line":12,"column":11},"end":{"line":12,"column":61}},"type":"cond-expr","locations":[{"start":{"line":12,"column":37},"end":{"line":12,"column":40}},{"start":{"line":12,"column":43},"end":{"line":12,"column":61}}],"line":12},"15":{"loc":{"start":{"line":12,"column":12},"end":{"line":12,"column":33}},"type":"binary-expr","locations":[{"start":{"line":12,"column":12},"end":{"line":12,"column":15}},{"start":{"line":12,"column":19},"end":{"line":12,"column":33}}],"line":12},"16":{"loc":{"start":{"line":38,"column":30},"end":{"line":38,"column":130}},"type":"cond-expr","locations":[{"start":{"line":38,"column":119},"end":{"line":38,"column":121}},{"start":{"line":38,"column":124},"end":{"line":38,"column":130}}],"line":38},"17":{"loc":{"start":{"line":38,"column":43},"end":{"line":38,"column":100}},"type":"binary-expr","locations":[{"start":{"line":38,"column":43},"end":{"line":38,"column":81}},{"start":{"line":38,"column":85},"end":{"line":38,"column":100}}],"line":38},"18":{"loc":{"start":{"line":46,"column":30},"end":{"line":46,"column":132}},"type":"cond-expr","locations":[{"start":{"line":46,"column":121},"end":{"line":46,"column":123}},{"start":{"line":46,"column":126},"end":{"line":46,"column":132}}],"line":46},"19":{"loc":{"start":{"line":46,"column":43},"end":{"line":46,"column":102}},"type":"binary-expr","locations":[{"start":{"line":46,"column":43},"end":{"line":46,"column":82}},{"start":{"line":46,"column":86},"end":{"line":46,"column":102}}],"line":46},"20":{"loc":{"start":{"line":50,"column":30},"end":{"line":50,"column":132}},"type":"cond-expr","locations":[{"start":{"line":50,"column":121},"end":{"line":50,"column":123}},{"start":{"line":50,"column":126},"end":{"line":50,"column":132}}],"line":50},"21":{"loc":{"start":{"line":50,"column":43},"end":{"line":50,"column":102}},"type":"binary-expr","locations":[{"start":{"line":50,"column":43},"end":{"line":50,"column":82}},{"start":{"line":50,"column":86},"end":{"line":50,"column":102}}],"line":50},"22":{"loc":{"start":{"line":54,"column":30},"end":{"line":54,"column":132}},"type":"cond-expr","locations":[{"start":{"line":54,"column":121},"end":{"line":54,"column":123}},{"start":{"line":54,"column":126},"end":{"line":54,"column":132}}],"line":54},"23":{"loc":{"start":{"line":54,"column":43},"end":{"line":54,"column":102}},"type":"binary-expr","locations":[{"start":{"line":54,"column":43},"end":{"line":54,"column":82}},{"start":{"line":54,"column":86},"end":{"line":54,"column":102}}],"line":54}},"s":{"0":1,"1":7,"2":7,"3":7,"4":7,"5":0,"6":0,"7":0,"8":0,"9":7,"10":1,"11":7,"12":7,"13":1,"14":2,"15":1,"16":1,"17":1,"18":1,"19":1,"20":1,"21":1,"22":1,"23":1,"24":0,"25":1,"26":0,"27":1,"28":1,"29":1},"f":{"0":7,"1":7,"2":2,"3":0,"4":0},"b":{"0":[1,1,1],"1":[0,7],"2":[0,7],"3":[7,0],"4":[7,7],"5":[0,0],"6":[0,0],"7":[0,0],"8":[0,0],"9":[7,7,0],"10":[1,1,1],"11":[7,0],"12":[7,7],"13":[1,1,1],"14":[2,0],"15":[2,2],"16":[0,1],"17":[1,0],"18":[0,1],"19":[1,0],"20":[1,0],"21":[1,1],"22":[1,0],"23":[1,1]},"inputSourceMap":{"version":3,"file":"Driver.js","sourceRoot":"","sources":["Driver.ts"],"names":[],"mappings":";;;;;;;;;;;;;;;AAAA,iCAAgC;AAChC,gEAA0H;AAC1H,wDAAgC;AAChC,kDAA0B;AAE1B,MAAqB,MAAO,SAAQ,eAAS;CA6B5C;AA3BC;IADC,IAAA,YAAM,EAAC,EAAE,SAAS,EAAE,IAAI,EAAE,CAAC;;kCACX;AAGjB;IADC,IAAA,YAAM,GAAE;;uCACa;AAGtB;IADC,IAAA,YAAM,GAAE;;yCACe;AAKxB;IAHC,IAAA,eAAS,EAAC,GAAE,EAAE,CAAA,cAAI,EAAC;QAClB,UAAU,EAAC,SAAS;KACrB,CAAC;kDACW,eAAS,oBAAT,eAAS;oCAAa;AASnC;IANC,IAAA,gBAAU,EAAC,GAAG,EAAE,CAAC,iBAAO,EAAE;QACzB,UAAU,EAAE,iBAAiB;QAC7B,eAAe,EAAC,WAAW;QAC3B,sBAAsB,EAAC,YAAY;KACpC,CAAC;kDAEe,gBAAU,oBAAV,gBAAU;wCAAgB;AAG3C;IADC,YAAM,CAAC,QAAQ,CAAC,EAAE,UAAU,EAAE,IAAI,EAAE,CAAC;kDACpB,gBAAQ,oBAAR,gBAAQ;yCAAA;AAG1B;IADC,YAAM,CAAC,QAAQ,CAAC,EAAE,UAAU,EAAE,IAAI,EAAE,UAAU,EAAE,IAAI,EAAE,CAAC;kDACtC,gBAAQ,oBAAR,gBAAQ;yCAAA;AA5B5B,yBA6BC","sourcesContent":["import { DateTime } from 'luxon'\r\nimport { BaseModel, belongsTo, column, hasMany, HasMany, ManyToMany, manyToMany, BelongsTo } from '@ioc:Adonis/Lucid/Orm';\r\nimport Vehicle from './Vehicle';\r\nimport User from './User';\r\n\r\nexport default class Driver extends BaseModel {\r\n  @column({ isPrimary: true })\r\n  public id: number\r\n\r\n  @column()\r\n  public user_id:number;\r\n\r\n  @column()\r\n  public driver_id:number;\r\n\r\n  @belongsTo(()=>User,{\r\n    foreignKey:'user_id'\r\n  })\r\n  public user: BelongsTo<typeof User>\r\n\r\n  \r\n  @manyToMany(() => Vehicle, {\r\n    pivotTable: 'driver_vehicles', //Nombre tabla pivote\r\n    pivotForeignKey:'driver_id',\r\n    pivotRelatedForeignKey:'vehicle_id',\r\n  })\r\n\r\n  public vehicles: ManyToMany<typeof Vehicle>\r\n\r\n  @column.dateTime({ autoCreate: true })\r\n  public createdAt: DateTime\r\n\r\n  @column.dateTime({ autoCreate: true, autoUpdate: true })\r\n  public updatedAt: DateTime\r\n}\r\n"]},"_coverageSchema":"1a1c01bbd47fc00a2c39e90264f33305004495a9","hash":"5467f6a32d2fdce1fda4648669fadd7349b131f4"},"F:\\Universidad\\8 semestre\\Proyecto de desarrollo\\clase-adonis\\proyecto\\app\\Models\\Vehicle.ts":{"path":"F:\\Universidad\\8 semestre\\Proyecto de desarrollo\\clase-adonis\\proyecto\\app\\Models\\Vehicle.ts","statementMap":{"0":{"start":{"line":2,"column":17},"end":{"line":7,"column":1}},"1":{"start":{"line":3,"column":12},"end":{"line":3,"column":28}},"2":{"start":{"line":3,"column":34},"end":{"line":3,"column":125}},"3":{"start":{"line":4,"column":4},"end":{"line":5,"column":150}},"4":{"start":{"line":4,"column":79},"end":{"line":4,"column":131}},"5":{"start":{"line":5,"column":9},"end":{"line":5,"column":150}},"6":{"start":{"line":5,"column":22},"end":{"line":5,"column":43}},"7":{"start":{"line":5,"column":58},"end":{"line":5,"column":150}},"8":{"start":{"line":5,"column":81},"end":{"line":5,"column":150}},"9":{"start":{"line":6,"column":4},"end":{"line":6,"column":66}},"10":{"start":{"line":8,"column":17},"end":{"line":10,"column":1}},"11":{"start":{"line":9,"column":4},"end":{"line":9,"column":109}},"12":{"start":{"line":9,"column":79},"end":{"line":9,"column":109}},"13":{"start":{"line":11,"column":22},"end":{"line":13,"column":1}},"14":{"start":{"line":12,"column":4},"end":{"line":12,"column":62}},"15":{"start":{"line":15,"column":0},"end":{"line":15,"column":62}},"16":{"start":{"line":16,"column":16},"end":{"line":16,"column":32}},"17":{"start":{"line":17,"column":14},"end":{"line":17,"column":63}},"18":{"start":{"line":18,"column":17},"end":{"line":18,"column":53}},"19":{"start":{"line":19,"column":14},"end":{"line":19,"column":47}},"20":{"start":{"line":20,"column":21},"end":{"line":20,"column":61}},"21":{"start":{"line":23,"column":0},"end":{"line":26,"column":36}},"22":{"start":{"line":27,"column":0},"end":{"line":30,"column":47}},"23":{"start":{"line":31,"column":0},"end":{"line":36,"column":38}},"24":{"start":{"line":32,"column":29},"end":{"line":32,"column":42}},"25":{"start":{"line":37,"column":0},"end":{"line":42,"column":45}},"26":{"start":{"line":38,"column":29},"end":{"line":38,"column":49}},"27":{"start":{"line":43,"column":0},"end":{"line":50,"column":41}},"28":{"start":{"line":44,"column":32},"end":{"line":44,"column":48}},"29":{"start":{"line":51,"column":0},"end":{"line":54,"column":43}},"30":{"start":{"line":55,"column":0},"end":{"line":58,"column":43}},"31":{"start":{"line":59,"column":0},"end":{"line":59,"column":26}}},"fnMap":{"0":{"name":"(anonymous_0)","decl":{"start":{"line":2,"column":46},"end":{"line":2,"column":47}},"loc":{"start":{"line":2,"column":87},"end":{"line":7,"column":1}},"line":2},"1":{"name":"(anonymous_1)","decl":{"start":{"line":8,"column":46},"end":{"line":8,"column":47}},"loc":{"start":{"line":8,"column":62},"end":{"line":10,"column":1}},"line":8},"2":{"name":"(anonymous_2)","decl":{"start":{"line":11,"column":56},"end":{"line":11,"column":57}},"loc":{"start":{"line":11,"column":71},"end":{"line":13,"column":1}},"line":11},"3":{"name":"(anonymous_3)","decl":{"start":{"line":32,"column":23},"end":{"line":32,"column":24}},"loc":{"start":{"line":32,"column":29},"end":{"line":32,"column":42}},"line":32},"4":{"name":"(anonymous_4)","decl":{"start":{"line":38,"column":23},"end":{"line":38,"column":24}},"loc":{"start":{"line":38,"column":29},"end":{"line":38,"column":49}},"line":38},"5":{"name":"(anonymous_5)","decl":{"start":{"line":44,"column":26},"end":{"line":44,"column":27}},"loc":{"start":{"line":44,"column":32},"end":{"line":44,"column":48}},"line":44}},"branchMap":{"0":{"loc":{"start":{"line":2,"column":17},"end":{"line":7,"column":1}},"type":"binary-expr","locations":[{"start":{"line":2,"column":18},"end":{"line":2,"column":22}},{"start":{"line":2,"column":26},"end":{"line":2,"column":41}},{"start":{"line":2,"column":46},"end":{"line":7,"column":1}}],"line":2},"1":{"loc":{"start":{"line":3,"column":34},"end":{"line":3,"column":125}},"type":"cond-expr","locations":[{"start":{"line":3,"column":42},"end":{"line":3,"column":48}},{"start":{"line":3,"column":51},"end":{"line":3,"column":125}}],"line":3},"2":{"loc":{"start":{"line":3,"column":51},"end":{"line":3,"column":125}},"type":"cond-expr","locations":[{"start":{"line":3,"column":67},"end":{"line":3,"column":118}},{"start":{"line":3,"column":121},"end":{"line":3,"column":125}}],"line":3},"3":{"loc":{"start":{"line":4,"column":4},"end":{"line":5,"column":150}},"type":"if","locations":[{"start":{"line":4,"column":4},"end":{"line":5,"column":150}},{"start":{"line":4,"column":4},"end":{"line":5,"column":150}}],"line":4},"4":{"loc":{"start":{"line":4,"column":8},"end":{"line":4,"column":77}},"type":"binary-expr","locations":[{"start":{"line":4,"column":8},"end":{"line":4,"column":35}},{"start":{"line":4,"column":39},"end":{"line":4,"column":77}}],"line":4},"5":{"loc":{"start":{"line":5,"column":58},"end":{"line":5,"column":150}},"type":"if","locations":[{"start":{"line":5,"column":58},"end":{"line":5,"column":150}},{"start":{"line":5,"column":58},"end":{"line":5,"column":150}}],"line":5},"6":{"loc":{"start":{"line":5,"column":85},"end":{"line":5,"column":149}},"type":"binary-expr","locations":[{"start":{"line":5,"column":86},"end":{"line":5,"column":143}},{"start":{"line":5,"column":148},"end":{"line":5,"column":149}}],"line":5},"7":{"loc":{"start":{"line":5,"column":86},"end":{"line":5,"column":143}},"type":"cond-expr","locations":[{"start":{"line":5,"column":94},"end":{"line":5,"column":98}},{"start":{"line":5,"column":101},"end":{"line":5,"column":143}}],"line":5},"8":{"loc":{"start":{"line":5,"column":101},"end":{"line":5,"column":143}},"type":"cond-expr","locations":[{"start":{"line":5,"column":109},"end":{"line":5,"column":126}},{"start":{"line":5,"column":129},"end":{"line":5,"column":143}}],"line":5},"9":{"loc":{"start":{"line":6,"column":11},"end":{"line":6,"column":62}},"type":"binary-expr","locations":[{"start":{"line":6,"column":11},"end":{"line":6,"column":16}},{"start":{"line":6,"column":20},"end":{"line":6,"column":21}},{"start":{"line":6,"column":25},"end":{"line":6,"column":62}}],"line":6},"10":{"loc":{"start":{"line":8,"column":17},"end":{"line":10,"column":1}},"type":"binary-expr","locations":[{"start":{"line":8,"column":18},"end":{"line":8,"column":22}},{"start":{"line":8,"column":26},"end":{"line":8,"column":41}},{"start":{"line":8,"column":46},"end":{"line":10,"column":1}}],"line":8},"11":{"loc":{"start":{"line":9,"column":4},"end":{"line":9,"column":109}},"type":"if","locations":[{"start":{"line":9,"column":4},"end":{"line":9,"column":109}},{"start":{"line":9,"column":4},"end":{"line":9,"column":109}}],"line":9},"12":{"loc":{"start":{"line":9,"column":8},"end":{"line":9,"column":77}},"type":"binary-expr","locations":[{"start":{"line":9,"column":8},"end":{"line":9,"column":35}},{"start":{"line":9,"column":39},"end":{"line":9,"column":77}}],"line":9},"13":{"loc":{"start":{"line":11,"column":22},"end":{"line":13,"column":1}},"type":"binary-expr","locations":[{"start":{"line":11,"column":23},"end":{"line":11,"column":27}},{"start":{"line":11,"column":31},"end":{"line":11,"column":51}},{"start":{"line":11,"column":56},"end":{"line":13,"column":1}}],"line":11},"14":{"loc":{"start":{"line":12,"column":11},"end":{"line":12,"column":61}},"type":"cond-expr","locations":[{"start":{"line":12,"column":37},"end":{"line":12,"column":40}},{"start":{"line":12,"column":43},"end":{"line":12,"column":61}}],"line":12},"15":{"loc":{"start":{"line":12,"column":12},"end":{"line":12,"column":33}},"type":"binary-expr","locations":[{"start":{"line":12,"column":12},"end":{"line":12,"column":15}},{"start":{"line":12,"column":19},"end":{"line":12,"column":33}}],"line":12},"16":{"loc":{"start":{"line":35,"column":30},"end":{"line":35,"column":126}},"type":"cond-expr","locations":[{"start":{"line":35,"column":115},"end":{"line":35,"column":117}},{"start":{"line":35,"column":120},"end":{"line":35,"column":126}}],"line":35},"17":{"loc":{"start":{"line":35,"column":43},"end":{"line":35,"column":96}},"type":"binary-expr","locations":[{"start":{"line":35,"column":43},"end":{"line":35,"column":79}},{"start":{"line":35,"column":83},"end":{"line":35,"column":96}}],"line":35},"18":{"loc":{"start":{"line":41,"column":30},"end":{"line":41,"column":126}},"type":"cond-expr","locations":[{"start":{"line":41,"column":115},"end":{"line":41,"column":117}},{"start":{"line":41,"column":120},"end":{"line":41,"column":126}}],"line":41},"19":{"loc":{"start":{"line":41,"column":43},"end":{"line":41,"column":96}},"type":"binary-expr","locations":[{"start":{"line":41,"column":43},"end":{"line":41,"column":79}},{"start":{"line":41,"column":83},"end":{"line":41,"column":96}}],"line":41},"20":{"loc":{"start":{"line":49,"column":30},"end":{"line":49,"column":132}},"type":"cond-expr","locations":[{"start":{"line":49,"column":121},"end":{"line":49,"column":123}},{"start":{"line":49,"column":126},"end":{"line":49,"column":132}}],"line":49},"21":{"loc":{"start":{"line":49,"column":43},"end":{"line":49,"column":102}},"type":"binary-expr","locations":[{"start":{"line":49,"column":43},"end":{"line":49,"column":82}},{"start":{"line":49,"column":86},"end":{"line":49,"column":102}}],"line":49},"22":{"loc":{"start":{"line":53,"column":30},"end":{"line":53,"column":132}},"type":"cond-expr","locations":[{"start":{"line":53,"column":121},"end":{"line":53,"column":123}},{"start":{"line":53,"column":126},"end":{"line":53,"column":132}}],"line":53},"23":{"loc":{"start":{"line":53,"column":43},"end":{"line":53,"column":102}},"type":"binary-expr","locations":[{"start":{"line":53,"column":43},"end":{"line":53,"column":82}},{"start":{"line":53,"column":86},"end":{"line":53,"column":102}}],"line":53},"24":{"loc":{"start":{"line":57,"column":30},"end":{"line":57,"column":132}},"type":"cond-expr","locations":[{"start":{"line":57,"column":121},"end":{"line":57,"column":123}},{"start":{"line":57,"column":126},"end":{"line":57,"column":132}}],"line":57},"25":{"loc":{"start":{"line":57,"column":43},"end":{"line":57,"column":102}},"type":"binary-expr","locations":[{"start":{"line":57,"column":43},"end":{"line":57,"column":82}},{"start":{"line":57,"column":86},"end":{"line":57,"column":102}}],"line":57}},"s":{"0":1,"1":7,"2":7,"3":7,"4":7,"5":0,"6":0,"7":0,"8":0,"9":7,"10":1,"11":7,"12":7,"13":1,"14":3,"15":1,"16":1,"17":1,"18":1,"19":1,"20":1,"21":1,"22":1,"23":1,"24":0,"25":1,"26":0,"27":1,"28":0,"29":1,"30":1,"31":1},"f":{"0":7,"1":7,"2":3,"3":0,"4":0,"5":0},"b":{"0":[1,1,1],"1":[0,7],"2":[0,7],"3":[7,0],"4":[7,7],"5":[0,0],"6":[0,0],"7":[0,0],"8":[0,0],"9":[7,7,0],"10":[1,1,1],"11":[7,0],"12":[7,7],"13":[1,1,1],"14":[3,0],"15":[3,3],"16":[0,1],"17":[1,0],"18":[0,1],"19":[1,0],"20":[0,1],"21":[1,0],"22":[1,0],"23":[1,1],"24":[1,0],"25":[1,1]},"inputSourceMap":{"version":3,"file":"Vehicle.js","sourceRoot":"","sources":["Vehicle.ts"],"names":[],"mappings":";;;;;;;;;;;;;;;AAAA,iCAAgC;AAChC,gEAA0H;AAC1H,sDAA8B;AAC9B,gDAAwB;AACxB,8DAAsC;AAEtC,MAAqB,OAAQ,SAAQ,eAAS;CAmC7C;AAjCC;IADC,IAAA,YAAM,EAAC,EAAE,SAAS,EAAE,IAAI,EAAE,CAAC;;mCACX;AAGjB;IADC,IAAA,YAAM,GAAE;;8CACmB;AAK5B;IAHC,IAAA,aAAO,EAAC,GAAE,EAAE,CAAC,aAAG,EAAC;QAChB,UAAU,EAAC,YAAY;KACxB,CAAC;kDACW,aAAO,oBAAP,aAAO;qCAAY;AAKhC;IAHC,IAAA,aAAO,EAAC,GAAE,EAAE,CAAC,oBAAU,EAAC;QACvB,UAAU,EAAC,YAAY;KACxB,CAAC;kDACkB,aAAO,oBAAP,aAAO;4CAAmB;AAQ9C;IANC,IAAA,gBAAU,EAAC,GAAG,EAAE,CAAC,gBAAM,EAAE;QACxB,UAAU,EAAE,iBAAiB;QAC7B,eAAe,EAAC,YAAY;QAC5B,sBAAsB,EAAC,WAAW;KACnC,CAAC;kDAEc,gBAAU,oBAAV,gBAAU;wCAAe;AAGzC;IADC,YAAM,CAAC,QAAQ,CAAC,EAAE,UAAU,EAAE,IAAI,EAAE,CAAC;kDACpB,gBAAQ,oBAAR,gBAAQ;0CAAA;AAG1B;IADC,YAAM,CAAC,QAAQ,CAAC,EAAE,UAAU,EAAE,IAAI,EAAE,UAAU,EAAE,IAAI,EAAE,CAAC;kDACtC,gBAAQ,oBAAR,gBAAQ;0CAAA;AA7B5B,0BAmCC","sourcesContent":["import { DateTime } from 'luxon'\r\nimport { BaseModel, BelongsTo, belongsTo, column, hasMany, manyToMany, ManyToMany, HasMany } from '@ioc:Adonis/Lucid/Orm';\r\nimport Driver from './Driver';\r\nimport Car from './Car';\r\nimport Motorcycle from './Motorcycle';\r\n\r\nexport default class Vehicle extends BaseModel {\r\n  @column({ isPrimary: true })\r\n  public id: number\r\n\r\n  @column()\r\n  public license_plate:string;\r\n\r\n  @hasMany(()=> Car,{\r\n    foreignKey:'vehicle_id',\r\n  })\r\n  public cars: HasMany<typeof Car>\r\n\r\n  @hasMany(()=> Motorcycle,{\r\n    foreignKey:'vehicle_id',\r\n  })\r\n  public motorcycles: HasMany<typeof Motorcycle>\r\n\r\n  @manyToMany(() => Driver, {\r\n    pivotTable: 'driver_vehicles', //Nombre tabla pivote\r\n    pivotForeignKey:'vehicle_id',\r\n    pivotRelatedForeignKey:'driver_id',\r\n  })\r\n\r\n  public drivers: ManyToMany<typeof Driver>\r\n\r\n  @column.dateTime({ autoCreate: true })\r\n  public createdAt: DateTime\r\n\r\n  @column.dateTime({ autoCreate: true, autoUpdate: true })\r\n  public updatedAt: DateTime\r\n\r\n  //@column()\r\n  //public user:User;\r\n\r\n  \r\n}\r\n"]},"_coverageSchema":"1a1c01bbd47fc00a2c39e90264f33305004495a9","hash":"91274a74939b5f65f07dcd06737908126e223b0b"},"F:\\Universidad\\8 semestre\\Proyecto de desarrollo\\clase-adonis\\proyecto\\app\\Models\\Car.ts":{"path":"F:\\Universidad\\8 semestre\\Proyecto de desarrollo\\clase-adonis\\proyecto\\app\\Models\\Car.ts","statementMap":{"0":{"start":{"line":2,"column":17},"end":{"line":7,"column":1}},"1":{"start":{"line":3,"column":12},"end":{"line":3,"column":28}},"2":{"start":{"line":3,"column":34},"end":{"line":3,"column":125}},"3":{"start":{"line":4,"column":4},"end":{"line":5,"column":150}},"4":{"start":{"line":4,"column":79},"end":{"line":4,"column":131}},"5":{"start":{"line":5,"column":9},"end":{"line":5,"column":150}},"6":{"start":{"line":5,"column":22},"end":{"line":5,"column":43}},"7":{"start":{"line":5,"column":58},"end":{"line":5,"column":150}},"8":{"start":{"line":5,"column":81},"end":{"line":5,"column":150}},"9":{"start":{"line":6,"column":4},"end":{"line":6,"column":66}},"10":{"start":{"line":8,"column":17},"end":{"line":10,"column":1}},"11":{"start":{"line":9,"column":4},"end":{"line":9,"column":109}},"12":{"start":{"line":9,"column":79},"end":{"line":9,"column":109}},"13":{"start":{"line":11,"column":22},"end":{"line":13,"column":1}},"14":{"start":{"line":12,"column":4},"end":{"line":12,"column":62}},"15":{"start":{"line":15,"column":0},"end":{"line":15,"column":62}},"16":{"start":{"line":16,"column":16},"end":{"line":16,"column":32}},"17":{"start":{"line":17,"column":14},"end":{"line":17,"column":63}},"18":{"start":{"line":18,"column":18},"end":{"line":18,"column":55}},"19":{"start":{"line":21,"column":0},"end":{"line":24,"column":32}},"20":{"start":{"line":25,"column":0},"end":{"line":28,"column":34}},"21":{"start":{"line":29,"column":0},"end":{"line":32,"column":40}},"22":{"start":{"line":33,"column":0},"end":{"line":38,"column":37}},"23":{"start":{"line":34,"column":31},"end":{"line":34,"column":48}},"24":{"start":{"line":39,"column":0},"end":{"line":42,"column":39}},"25":{"start":{"line":43,"column":0},"end":{"line":46,"column":39}},"26":{"start":{"line":47,"column":0},"end":{"line":47,"column":22}}},"fnMap":{"0":{"name":"(anonymous_0)","decl":{"start":{"line":2,"column":46},"end":{"line":2,"column":47}},"loc":{"start":{"line":2,"column":87},"end":{"line":7,"column":1}},"line":2},"1":{"name":"(anonymous_1)","decl":{"start":{"line":8,"column":46},"end":{"line":8,"column":47}},"loc":{"start":{"line":8,"column":62},"end":{"line":10,"column":1}},"line":8},"2":{"name":"(anonymous_2)","decl":{"start":{"line":11,"column":56},"end":{"line":11,"column":57}},"loc":{"start":{"line":11,"column":71},"end":{"line":13,"column":1}},"line":11},"3":{"name":"(anonymous_3)","decl":{"start":{"line":34,"column":25},"end":{"line":34,"column":26}},"loc":{"start":{"line":34,"column":31},"end":{"line":34,"column":48}},"line":34}},"branchMap":{"0":{"loc":{"start":{"line":2,"column":17},"end":{"line":7,"column":1}},"type":"binary-expr","locations":[{"start":{"line":2,"column":18},"end":{"line":2,"column":22}},{"start":{"line":2,"column":26},"end":{"line":2,"column":41}},{"start":{"line":2,"column":46},"end":{"line":7,"column":1}}],"line":2},"1":{"loc":{"start":{"line":3,"column":34},"end":{"line":3,"column":125}},"type":"cond-expr","locations":[{"start":{"line":3,"column":42},"end":{"line":3,"column":48}},{"start":{"line":3,"column":51},"end":{"line":3,"column":125}}],"line":3},"2":{"loc":{"start":{"line":3,"column":51},"end":{"line":3,"column":125}},"type":"cond-expr","locations":[{"start":{"line":3,"column":67},"end":{"line":3,"column":118}},{"start":{"line":3,"column":121},"end":{"line":3,"column":125}}],"line":3},"3":{"loc":{"start":{"line":4,"column":4},"end":{"line":5,"column":150}},"type":"if","locations":[{"start":{"line":4,"column":4},"end":{"line":5,"column":150}},{"start":{"line":4,"column":4},"end":{"line":5,"column":150}}],"line":4},"4":{"loc":{"start":{"line":4,"column":8},"end":{"line":4,"column":77}},"type":"binary-expr","locations":[{"start":{"line":4,"column":8},"end":{"line":4,"column":35}},{"start":{"line":4,"column":39},"end":{"line":4,"column":77}}],"line":4},"5":{"loc":{"start":{"line":5,"column":58},"end":{"line":5,"column":150}},"type":"if","locations":[{"start":{"line":5,"column":58},"end":{"line":5,"column":150}},{"start":{"line":5,"column":58},"end":{"line":5,"column":150}}],"line":5},"6":{"loc":{"start":{"line":5,"column":85},"end":{"line":5,"column":149}},"type":"binary-expr","locations":[{"start":{"line":5,"column":86},"end":{"line":5,"column":143}},{"start":{"line":5,"column":148},"end":{"line":5,"column":149}}],"line":5},"7":{"loc":{"start":{"line":5,"column":86},"end":{"line":5,"column":143}},"type":"cond-expr","locations":[{"start":{"line":5,"column":94},"end":{"line":5,"column":98}},{"start":{"line":5,"column":101},"end":{"line":5,"column":143}}],"line":5},"8":{"loc":{"start":{"line":5,"column":101},"end":{"line":5,"column":143}},"type":"cond-expr","locations":[{"start":{"line":5,"column":109},"end":{"line":5,"column":126}},{"start":{"line":5,"column":129},"end":{"line":5,"column":143}}],"line":5},"9":{"loc":{"start":{"line":6,"column":11},"end":{"line":6,"column":62}},"type":"binary-expr","locations":[{"start":{"line":6,"column":11},"end":{"line":6,"column":16}},{"start":{"line":6,"column":20},"end":{"line":6,"column":21}},{"start":{"line":6,"column":25},"end":{"line":6,"column":62}}],"line":6},"10":{"loc":{"start":{"line":8,"column":17},"end":{"line":10,"column":1}},"type":"binary-expr","locations":[{"start":{"line":8,"column":18},"end":{"line":8,"column":22}},{"start":{"line":8,"column":26},"end":{"line":8,"column":41}},{"start":{"line":8,"column":46},"end":{"line":
[...]
:{"start":{"line":3,"column":51},"end":{"line":3,"column":125}},"type":"cond-expr","locations":[{"start":{"line":3,"column":67},"end":{"line":3,"column":118}},{"start":{"line":3,"column":121},"end":{"line":3,"column":125}}],"line":3},"3":{"loc":{"start":{"line":4,"column":4},"end":{"line":5,"column":150}},"type":"if","locations":[{"start":{"line":4,"column":4},"end":{"line":5,"column":150}},{"start":{"line":4,"column":4},"end":{"line":5,"column":150}}],"line":4},"4":{"loc":{"start":{"line":4,"column":8},"end":{"line":4,"column":77}},"type":"binary-expr","locations":[{"start":{"line":4,"column":8},"end":{"line":4,"column":35}},{"start":{"line":4,"column":39},"end":{"line":4,"column":77}}],"line":4},"5":{"loc":{"start":{"line":5,"column":58},"end":{"line":5,"column":150}},"type":"if","locations":[{"start":{"line":5,"column":58},"end":{"line":5,"column":150}},{"start":{"line":5,"column":58},"end":{"line":5,"column":150}}],"line":5},"6":{"loc":{"start":{"line":5,"column":85},"end":{"line":5,"column":149}},"type":"binary-expr","locations":[{"start":{"line":5,"column":86},"end":{"line":5,"column":143}},{"start":{"line":5,"column":148},"end":{"line":5,"column":149}}],"line":5},"7":{"loc":{"start":{"line":5,"column":86},"end":{"line":5,"column":143}},"type":"cond-expr","locations":[{"start":{"line":5,"column":94},"end":{"line":5,"column":98}},{"start":{"line":5,"column":101},"end":{"line":5,"column":143}}],"line":5},"8":{"loc":{"start":{"line":5,"column":101},"end":{"line":5,"column":143}},"type":"cond-expr","locations":[{"start":{"line":5,"column":109},"end":{"line":5,"column":126}},{"start":{"line":5,"column":129},"end":{"line":5,"column":143}}],"line":5},"9":{"loc":{"start":{"line":6,"column":11},"end":{"line":6,"column":62}},"type":"binary-expr","locations":[{"start":{"line":6,"column":11},"end":{"line":6,"column":16}},{"start":{"line":6,"column":20},"end":{"line":6,"column":21}},{"start":{"line":6,"column":25},"end":{"line":6,"column":62}}],"line":6},"10":{"loc":{"start":{"line":8,"column":17},"end":{"line":10,"column":1}},"type":"binary-expr","locations":[{"start":{"line":8,"column":18},"end":{"line":8,"column":22}},{"start":{"line":8,"column":26},"end":{"line":8,"column":41}},{"start":{"line":8,"column":46},"end":{"line":10,"column":1}}],"line":8},"11":{"loc":{"start":{"line":9,"column":4},"end":{"line":9,"column":109}},"type":"if","locations":[{"start":{"line":9,"column":4},"end":{"line":9,"column":109}},{"start":{"line":9,"column":4},"end":{"line":9,"column":109}}],"line":9},"12":{"loc":{"start":{"line":9,"column":8},"end":{"line":9,"column":77}},"type":"binary-expr","locations":[{"start":{"line":9,"column":8},"end":{"line":9,"column":35}},{"start":{"line":9,"column":39},"end":{"line":9,"column":77}}],"line":9},"13":{"loc":{"start":{"line":31,"column":30},"end":{"line":31,"column":132}},"type":"cond-expr","locations":[{"start":{"line":31,"column":121},"end":{"line":31,"column":123}},{"start":{"line":31,"column":126},"end":{"line":31,"column":132}}],"line":31},"14":{"loc":{"start":{"line":31,"column":43},"end":{"line":31,"column":102}},"type":"binary-expr","locations":[{"start":{"line":31,"column":43},"end":{"line":31,"column":82}},{"start":{"line":31,"column":86},"end":{"line":31,"column":102}}],"line":31},"15":{"loc":{"start":{"line":35,"column":30},"end":{"line":35,"column":132}},"type":"cond-expr","locations":[{"start":{"line":35,"column":121},"end":{"line":35,"column":123}},{"start":{"line":35,"column":126},"end":{"line":35,"column":132}}],"line":35},"16":{"loc":{"start":{"line":35,"column":43},"end":{"line":35,"column":102}},"type":"binary-expr","locations":[{"start":{"line":35,"column":43},"end":{"line":35,"column":82}},{"start":{"line":35,"column":86},"end":{"line":35,"column":102}}],"line":35}},"s":{"0":1,"1":5,"2":5,"3":5,"4":5,"5":0,"6":0,"7":0,"8":0,"9":5,"10":1,"11":5,"12":5,"13":1,"14":1,"15":1,"16":1,"17":1,"18":1,"19":1,"20":1,"21":1},"f":{"0":5,"1":5},"b":{"0":[1,1,1],"1":[0,5],"2":[0,5],"3":[5,0],"4":[5,5],"5":[0,0],"6":[0,0],"7":[0,0],"8":[0,0],"9":[5,5,0],"10":[1,1,1],"11":[5,0],"12":[5,5],"13":[1,0],"14":[1,1],"15":[1,0],"16":[1,1]},"inputSourceMap":{"version":3,"file":"PermissionsRole.js","sourceRoot":"","sources":["PermissionsRole.ts"],"names":[],"mappings":";;;;;;;;;;;;AAAA,iCAAgC;AAChC,gEAAyD;AAEzD,MAAqB,eAAgB,SAAQ,eAAS;CAiBrD;AAfC;IADC,IAAA,YAAM,EAAC,EAAE,SAAS,EAAE,IAAI,EAAE,CAAC;;2CACX;AAGjB;IADC,IAAA,YAAM,GAAE;;gDACa;AAGtB;IADC,IAAA,YAAM,GAAE;;sDACmB;AAG5B;IADC,YAAM,CAAC,QAAQ,CAAC,EAAE,UAAU,EAAE,IAAI,EAAE,CAAC;kDACpB,gBAAQ,oBAAR,gBAAQ;kDAAA;AAG1B;IADC,YAAM,CAAC,QAAQ,CAAC,EAAE,UAAU,EAAE,IAAI,EAAE,UAAU,EAAE,IAAI,EAAE,CAAC;kDACtC,gBAAQ,oBAAR,gBAAQ;kDAAA;AAd5B,kCAiBC","sourcesContent":["import { DateTime } from 'luxon'\nimport { BaseModel, column } from '@ioc:Adonis/Lucid/Orm'\n\nexport default class PermissionsRole extends BaseModel {\n  @column({ isPrimary: true })\n  public id: number\n\n  @column()\n  public role_id: number\n\n  @column()\n  public permission_id: number\n\n  @column.dateTime({ autoCreate: true })\n  public createdAt: DateTime\n\n  @column.dateTime({ autoCreate: true, autoUpdate: true })\n  public updatedAt: DateTime\n\n  \n}\n"]},"_coverageSchema":"1a1c01bbd47fc00a2c39e90264f33305004495a9","hash":"076da918b8e22e3632d412921db4a195fea1555b"},"F:\\Universidad\\8 semestre\\Proyecto de desarrollo\\clase-adonis\\proyecto\\app\\Controllers\\Http\\UsersController.ts":{"path":"F:\\Universidad\\8 semestre\\Proyecto de desarrollo\\clase-adonis\\proyecto\\app\\Controllers\\Http\\UsersController.ts","statementMap":{"0":{"start":{"line":2,"column":22},"end":{"line":4,"column":1}},"1":{"start":{"line":3,"column":4},"end":{"line":3,"column":62}},"2":{"start":{"line":5,"column":0},"end":{"line":5,"column":62}},"3":{"start":{"line":6,"column":15},"end":{"line":6,"column":80}},"4":{"start":{"line":7,"column":18},"end":{"line":7,"column":66}},"5":{"start":{"line":8,"column":23},"end":{"line":8,"column":98}},"6":{"start":{"line":11,"column":20},"end":{"line":11,"column":83}},"7":{"start":{"line":12,"column":8},"end":{"line":12,"column":21}},"8":{"start":{"line":15,"column":21},"end":{"line":15,"column":35}},"9":{"start":{"line":16,"column":25},"end":{"line":16,"column":58}},"10":{"start":{"line":17,"column":8},"end":{"line":17,"column":24}},"11":{"start":{"line":20,"column":19},"end":{"line":20,"column":89}},"12":{"start":{"line":21,"column":8},"end":{"line":21,"column":20}},"13":{"start":{"line":24,"column":21},"end":{"line":24,"column":35}},"14":{"start":{"line":25,"column":25},"end":{"line":25,"column":67}},"15":{"start":{"line":26,"column":8},"end":{"line":26,"column":34}},"16":{"start":{"line":27,"column":8},"end":{"line":27,"column":36}},"17":{"start":{"line":28,"column":8},"end":{"line":28,"column":42}},"18":{"start":{"line":29,"column":8},"end":{"line":29,"column":40}},"19":{"start":{"line":30,"column":8},"end":{"line":33,"column":9}},"20":{"start":{"line":31,"column":12},"end":{"line":31,"column":45}},"21":{"start":{"line":32,"column":12},"end":{"line":32,"column":48}},"22":{"start":{"line":34,"column":8},"end":{"line":34,"column":31}},"23":{"start":{"line":37,"column":29},"end":{"line":37,"column":92}},"24":{"start":{"line":38,"column":8},"end":{"line":46,"column":9}},"25":{"start":{"line":39,"column":12},"end":{"line":39,"column":52}},"26":{"start":{"line":40,"column":12},"end":{"line":40,"column":66}},"27":{"start":{"line":41,"column":12},"end":{"line":41,"column":68}},"28":{"start":{"line":42,"column":12},"end":{"line":42,"column":38}},"29":{"start":{"line":45,"column":12},"end":{"line":45,"column":57}},"30":{"start":{"line":49,"column":27},"end":{"line":49,"column":69}},"31":{"start":{"line":50,"column":8},"end":{"line":50,"column":35}},"32":{"start":{"line":53,"column":21},"end":{"line":53,"column":35}},"33":{"start":{"line":54,"column":30},"end":{"line":54,"column":58}},"34":{"start":{"line":55,"column":8},"end":{"line":55,"column":120}},"35":{"start":{"line":58,"column":0},"end":{"line":58,"column":35}}},"fnMap":{"0":{"name":"(anonymous_0)","decl":{"start":{"line":2,"column":56},"end":{"line":2,"column":57}},"loc":{"start":{"line":2,"column":71},"end":{"line":4,"column":1}},"line":2},"1":{"name":"(anonymous_1)","decl":{"start":{"line":10,"column":4},"end":{"line":10,"column":5}},"loc":{"start":{"line":10,"column":21},"end":{"line":13,"column":5}},"line":10},"2":{"name":"(anonymous_2)","decl":{"start":{"line":14,"column":4},"end":{"line":14,"column":5}},"loc":{"start":{"line":14,"column":29},"end":{"line":18,"column":5}},"line":14},"3":{"name":"(anonymous_3)","decl":{"start":{"line":19,"column":4},"end":{"line":19,"column":5}},"loc":{"start":{"line":19,"column":27},"end":{"line":22,"column":5}},"line":19},"4":{"name":"(anonymous_4)","decl":{"start":{"line":23,"column":4},"end":{"line":23,"column":5}},"loc":{"start":{"line":23,"column":38},"end":{"line":35,"column":5}},"line":23},"5":{"name":"(anonymous_5)","decl":{"start":{"line":36,"column":4},"end":{"line":36,"column":5}},"loc":{"start":{"line":36,"column":35},"end":{"line":47,"column":5}},"line":36},"6":{"name":"(anonymous_6)","decl":{"start":{"line":48,"column":4},"end":{"line":48,"column":5}},"loc":{"start":{"line":48,"column":30},"end":{"line":51,"column":5}},"line":48},"7":{"name":"(anonymous_7)","decl":{"start":{"line":52,"column":4},"end":{"line":52,"column":5}},"loc":{"start":{"line":52,"column":41},"end":{"line":56,"column":5}},"line":52}},"branchMap":{"0":{"loc":{"start":{"line":2,"column":22},"end":{"line":4,"column":1}},"type":"binary-expr","locations":[{"start":{"line":2,"column":23},"end":{"line":2,"column":27}},{"start":{"line":2,"column":31},"end":{"line":2,"column":51}},{"start":{"line":2,"column":56},"end":{"line":4,"column":1}}],"line":2},"1":{"loc":{"start":{"line":3,"column":11},"end":{"line":3,"column":61}},"type":"cond-expr","locations":[{"start":{"line":3,"column":37},"end":{"line":3,"column":40}},{"start":{"line":3,"column":43},"end":{"line":3,"column":61}}],"line":3},"2":{"loc":{"start":{"line":3,"column":12},"end":{"line":3,"column":33}},"type":"binary-expr","locations":[{"start":{"line":3,"column":12},"end":{"line":3,"column":15}},{"start":{"line":3,"column":19},"end":{"line":3,"column":33}}],"line":3},"3":{"loc":{"start":{"line":30,"column":8},"end":{"line":33,"column":9}},"type":"if","locations":[{"start":{"line":30,"column":8},"end":{"line":33,"column":9}},{"start":{"line":30,"column":8},"end":{"line":33,"column":9}}],"line":30},"4":{"loc":{"start":{"line":38,"column":8},"end":{"line":46,"column":9}},"type":"if","locations":[{"start":{"line":38,"column":8},"end":{"line":46,"column":9}},{"start":{"line":38,"column":8},"end":{"line":46,"column":9}}],"line":38}},"s":{"0":1,"1":3,"2":1,"3":1,"4":1,"5":1,"6":1,"7":1,"8":3,"9":3,"10":3,"11":1,"12":1,"13":1,"14":1,"15":1,"16":1,"17":1,"18":1,"19":1,"20":0,"21":0,"22":1,"23":0,"24":0,"25":0,"26":0,"27":0,"28":0,"29":0,"30":1,"31":1,"32":0,"33":0,"34":0,"35":1},"f":{"0":3,"1":1,"2":3,"3":1,"4":1,"5":0,"6":1,"7":0},"b":{"0":[1,1,1],"1":[3,0],"2":[3,3],"3":[0,1],"4":[0,0]},"inputSourceMap":{"version":3,"file":"UsersController.js","sourceRoot":"","sources":["UsersController.ts"],"names":[],"mappings":";;;;;AACA,iFAAkC;AAElC,mEAA2C;AAC3C,mGAAqD;AAErD,MAAqB,gBAAgB;IAI5B,KAAK,CAAC,KAAK,CAAC,GAAwB;QACzC,IAAI,KAAK,GAAW,MAAM,cAAI,CAAC,KAAK,EAAE,CAAC,OAAO,CAAC,MAAM,CAAC,CAAC,OAAO,CAAC,SAAS,CAAC,CAAA;QACzE,OAAO,KAAK,CAAC;IACf,CAAC;IAIM,KAAK,CAAC,KAAK,CAAC,EAAE,OAAO,EAAuB;QACjD,MAAM,IAAI,GAAG,OAAO,CAAC,IAAI,EAAE,CAAA;QAE3B,MAAM,QAAQ,GAAG,MAAM,cAAI,CAAC,MAAM,CAAC,IAAI,CAAC,CAAA;QACxC,OAAO,QAAQ,CAAA;IACjB,CAAC;IAIM,KAAK,CAAC,IAAI,CAAC,EAAE,MAAM,EAAuB;QAC/C,IAAI,IAAI,GAAG,MAAM,cAAI,CAAC,KAAK,EAAE,CAAC,KAAK,CAAC,IAAI,EAAC,MAAM,CAAC,EAAE,CAAC,CAAC,OAAO,CAAC,SAAS,CAAC,CAAC;QACvE,OAAO,IAAI,CAAA;IACb,CAAC;IAKM,KAAK,CAAC,MAAM,CAAC,EAAE,MAAM,EAAE,OAAO,EAAuB;QAC1D,MAAM,IAAI,GAAG,OAAO,CAAC,IAAI,EAAE,CAAA;QAC3B,MAAM,QAAQ,GAAQ,MAAM,cAAI,CAAC,UAAU,CAAC,MAAM,CAAC,EAAE,CAAC,CAAA;QACtD,QAAQ,CAAC,IAAI,GAAG,IAAI,CAAC,IAAI,CAAA;QACzB,QAAQ,CAAC,KAAK,GAAG,IAAI,CAAC,KAAK,CAAA;QAC3B,QAAQ,CAAC,QAAQ,GAAG,IAAI,CAAC,QAAQ,CAAA;QACjC,QAAQ,CAAC,OAAO,GAAG,IAAI,CAAC,OAAO,CAAC;QAEhC,IAAG,IAAI,CAAC,OAAO,EAAC;YACd,IAAI,CAAC,OAAO,CAAC,OAAO,GAAC,MAAM,CAAC,EAAE,CAAC;YAC/B,MAAM,IAAI,CAAC,UAAU,CAAC,IAAI,CAAC,OAAO,CAAC,CAAC;SACrC;QACD,OAAO,QAAQ,CAAC,IAAI,EAAE,CAAA;IACxB,CAAC;IAEM,KAAK,CAAC,UAAU,CAAC,YAAY;QAClC,MAAM,YAAY,GAAC,MACnB,iBAAO,CAAC,MAAM,CAAC,SAAS,EAAC,YAAY,CAAC,OAAO,CAAE,CAAC;QAChD,IAAG,YAAY,EAAC;YACd,YAAY,CAAC,KAAK,GAAC,YAAY,CAAC,KAAK,CAAC;YACtC,YAAY,CAAC,YAAY,GAAC,YAAY,CAAC,YAAY,CAAC;YACpD,YAAY,CAAC,aAAa,GAAC,YAAY,CAAC,aAAa,CAAC;YACtD,MAAM,YAAY,CAAC,IAAI,EAAE,CAAC;SAC3B;aAAI;YACL,MAAM,iBAAO,CAAC,MAAM,CAAC,YAAY,CAAC,CAAC;SAClC;IACH,CAAC;IAIM,KAAK,CAAC,OAAO,CAAC,EAAE,MAAM,EAAuB;QAClD,MAAM,UAAU,GAAQ,MAAM,cAAI,CAAC,UAAU,CAAC,MAAM,CAAC,EAAE,CAAC,CAAA;QACxD,OAAO,UAAU,CAAC,MAAM,EAAE,CAAA;IAC5B,CAAC;IAGM,KAAK,CAAC,SAAS,CAAC,EAAC,MAAM,EAAE,OAAO,EAAsB;QAC3D,MAAM,IAAI,GAAG,OAAO,CAAC,IAAI,EAAE,CAAA;QAC3B,IAAI,eAAe,GAAc,IAAI,sBAAY,EAAE,CAAC;QACpD,eAAe,CAAC,SAAS,CAAC,IAAI,CAAC,KAAK,EAAC,wBAAwB,EAAC,8CAA8C,CAAC,CAAA;IAC/G,CAAC;CACF;AArED,mCAqEC","sourcesContent":["import type { HttpContextContract } from '@ioc:Adonis/Core/HttpContext'\r\nimport User from 'App/Models/User'\r\nimport Encryption from '@ioc:Adonis/Core/Encryption'\r\nimport Profile from '../../Models/Profile';\r\nimport EmailService from 'App/Services/EmailService';\r\n\r\nexport default class UsuersController {\r\n  /**\r\n   * Lista todos los usuarios\r\n   */\r\n  public async index(ctx: HttpContextContract) {\r\n    let users: User[] = await User.query().preload('role').preload('profile')\r\n    return users;\r\n  }\r\n  /**\r\n   * Almacena la información de un usuario\r\n   */\r\n  public async store({ request }: HttpContextContract) {\r\n    const body = request.body()\r\n    //body.password = Encryption.encrypt(body.password)\r\n    const new_user = await User.create(body)\r\n    return new_user\r\n  }\r\n  /**\r\n   * Muestra la información de un solo usuario\r\n   */\r\n  public async show({ params }: HttpContextContract) {\r\n    let user = await User.query().where(\"id\",params.id).preload('profile');\r\n    return user\r\n  }\r\n  /**\r\n   * Actualiza la información de un usuario basado\r\n   * en el identificador y nuevos parámetros\r\n   */\r\n  public async update({ params, request }: HttpContextContract) {\r\n    const body = request.body()\r\n    const the_user:User = await User.findOrFail(params.id)\r\n    the_user.name = body.name\r\n    the_user.email = body.email\r\n    the_user.password = body.password\r\n    the_user.role_id = body.role_id;\r\n\r\n    if(body.profile){\r\n      body.profile.user_id=params.id;\r\n      await this.setProfile(body.profile);\r\n    }\r\n    return the_user.save()\r\n  }\r\n\r\n  public async setProfile(profile_info){\r\n    const user_profile=await\r\n    Profile.findBy('user_id',profile_info.user_id );\r\n    if(user_profile){\r\n      user_profile.phone=profile_info.phone;\r\n      user_profile.facebook_url=profile_info.facebook_url;\r\n      user_profile.instagram_url=profile_info.instagram_url;\r\n      await user_profile.save();\r\n    }else{\r\n    await Profile.create(profile_info);\r\n    }\r\n  }\r\n  /**\r\n   * Elimina a un usuario basado en el identificador\r\n   */\r\n  public async destroy({ params }: HttpContextContract) {\r\n    const el_usuario:User = await User.findOrFail(params.id)\r\n    return el_usuario.delete()\r\n  }\r\n\r\n\r\n  public async testEmail({params, request}: HttpContextContract){\r\n    const body = request.body()\r\n    let theEmailService:EmailService=new EmailService();\r\n    theEmailService.sendEmail(body.email,\"Nuevo Inicio de Sesión\",\"Usted acaba de iniciar sesión en el sistema.\")\r\n  }\r\n}\r\n"]},"_coverageSchema":"1a1c01bbd47fc00a2c39e90264f33305004495a9","hash":"316c056e727801fd08e9be657347c7c1a8dde22b"},"F:\\Universidad\\8 semestre\\Proyecto de desarrollo\\clase-adonis\\proyecto\\app\\Services\\EmailService.ts":{"path":"F:\\Universidad\\8 semestre\\Proyecto de desarrollo\\clase-adonis\\proyecto\\app\\Services\\EmailService.ts","statementMap":{"0":{"start":{"line":2,"column":22},"end":{"line":4,"column":1}},"1":{"start":{"line":3,"column":4},"end":{"line":3,"column":62}},"2":{"start":{"line":5,"column":0},"end":{"line":5,"column":62}},"3":{"start":{"line":6,"column":14},"end":{"line":6,"column":79}},"4":{"start":{"line":9,"column":23},"end":{"line":9,"column":48}},"5":{"start":{"line":10,"column":8},"end":{"line":10,"column":64}},"6":{"start":{"line":11,"column":20},"end":{"line":16,"column":9}},"7":{"start":{"line":17,"column":8},"end":{"line":22,"column":11}},"8":{"start":{"line":18,"column":12},"end":{"line":18,"column":38}},"9":{"start":{"line":21,"column":12},"end":{"line":21,"column":33}},"10":{"start":{"line":25,"column":0},"end":{"line":25,"column":31}}},"fnMap":{"0":{"name":"(anonymous_0)","decl":{"start":{"line":2,"column":56},"end":{"line":2,"column":57}},"loc":{"start":{"line":2,"column":71},"end":{"line":4,"column":1}},"line":2},"1":{"name":"(anonymous_1)","decl":{"start":{"line":8,"column":4},"end":{"line":8,"column":5}},"loc":{"start":{"line":8,"column":44},"end":{"line":23,"column":5}},"line":8},"2":{"name":"(anonymous_2)","decl":{"start":{"line":17,"column":30},"end":{"line":17,"column":31}},"loc":{"start":{"line":17,"column":36},"end":{"line":19,"column":9}},"line":17},"3":{"name":"(anonymous_3)","decl":{"start":{"line":20,"column":19},"end":{"line":20,"column":20}},"loc":{"start":{"line":20,"column":30},"end":{"line":22,"column":9}},"line":20}},"branchMap":{"0":{"loc":{"start":{"line":2,"column":22},"end":{"line":4,"column":1}},"type":"binary-expr","locations":[{"start":{"line":2,"column":23},"end":{"line":2,"column":27}},{"start":{"line":2,"column":31},"end":{"line":2,"column":51}},{"start":{"line":2,"column":56},"end":{"line":4,"column":1}}],"line":2},"1":{"loc":{"start":{"line":3,"column":11},"end":{"line":3,"column":61}},"type":"cond-expr","locations":[{"start":{"line":3,"column":37},"end":{"line":3,"column":40}},{"start":{"line":3,"column":43},"end":{"line":3,"column":61}}],"line":3},"2":{"loc":{"start":{"line":3,"column":12},"end":{"line":3,"column":33}},"type":"binary-expr","locations":[{"start":{"line":3,"column":12},"end":{"line":3,"column":15}},{"start":{"line":3,"column":19},"end":{"line":3,"column":33}}],"line":3}},"s":{"0":1,"1":1,"2":1,"3":1,"4":0,"5":0,"6":0,"7":0,"8":0,"9":0,"10":1},"f":{"0":1,"1":0,"2":0,"3":0},"b":{"0":[1,1,1],"1":[0,1],"2":[1,1]},"inputSourceMap":{"version":3,"file":"EmailService.js","sourceRoot":"","sources":["EmailService.ts"],"names":[],"mappings":";;;;;AAAA,gFAAsC;AAEtC,MAAqB,YAAY;IAC7B,SAAS,CAAC,OAAO,EAAC,UAAU,EAAC,OAAO;QAChC,MAAM,MAAM,GAAG,OAAO,CAAC,gBAAgB,CAAC,CAAA;QACxC,MAAM,CAAC,SAAS,CAAC,aAAG,CAAC,GAAG,CAAC,kBAAkB,CAAC,CAAC,CAAA;QAC7C,MAAM,GAAG,GAAG;YACR,EAAE,EAAE,OAAO;YACX,IAAI,EAAE,aAAG,CAAC,GAAG,CAAC,qBAAqB,CAAC;YACpC,OAAO,EAAE,UAAU;YACnB,IAAI,EAAE,OAAO;SAChB,CAAA;QAED,MAAM,CAAC,IAAI,CAAC,GAAG,CAAC,CAAC,IAAI,CAAC,GAAG,EAAE;YACvB,OAAO,CAAC,GAAG,CAAC,YAAY,CAAC,CAAA;QAC7B,CAAC,CAAC;aAED,KAAK,CAAC,CAAC,KAAK,EAAE,EAAE;YACb,OAAO,CAAC,KAAK,CAAC,KAAK,CAAC,CAAA;QACxB,CAAC,CAAC,CAAA;IACN,CAAC;CACJ;AAnBD,+BAmBC","sourcesContent":["import Env from '@ioc:Adonis/Core/Env'\r\n\r\nexport default class EmailService {\r\n    sendEmail(emailTo,theSubject,theHTML) {\r\n        const sgMail = require('@sendgrid/mail')\r\n        sgMail.setApiKey(Env.get('SENDGRID_API_KEY'))\r\n        const msg = {\r\n            to: emailTo, // Change to your recipient\r\n            from: Env.get('SENDGRID_FROM_EMAIL'), \r\n            subject: theSubject,\r\n            html: theHTML,\r\n        }\r\n\r\n        sgMail.send(msg).then(() => {\r\n            console.log('Email sent')\r\n        })\r\n\r\n        .catch((error) => {\r\n            console.error(error)\r\n        })\r\n    }\r\n}"]},"_coverageSchema":"1a1c01bbd47fc00a2c39e90264f33305004495a9","hash":"562aada17f6862c01b33142b92dc313408d0e03c"}}